{"level":30,"time":1737552428271,"pid":4524,"hostname":"LAPTOP-PD0JMHRC","msg":"Validating config file and environment variables"}
{"level":40,"time":1737552428273,"pid":4524,"hostname":"LAPTOP-PD0JMHRC","msg":"env: SPOTIFY_CLIENT_ID or SPOTIFY_CLIENT_SECRET are missing. Spotify music links won't work"}
{"level":40,"time":1737552428273,"pid":4524,"hostname":"LAPTOP-PD0JMHRC","msg":"env: WEATHERSTACK_KEY is missing. Weather command won't work"}
{"level":40,"time":1737552428273,"pid":4524,"hostname":"LAPTOP-PD0JMHRC","msg":"env: STRANGE_API_KEY is missing. Image commands won't work"}
{"level":30,"time":1737552429179,"pid":4524,"hostname":"LAPTOP-PD0JMHRC","msg":"Loading commands..."}
{"level":20,"time":1737552430931,"pid":4524,"hostname":"LAPTOP-PD0JMHRC","msg":"Skipping slash command react. Disabled!"}
{"level":20,"time":1737552437006,"pid":4524,"hostname":"LAPTOP-PD0JMHRC","msg":"Skipping slash command avatar. Disabled!"}
{"level":20,"time":1737552437035,"pid":4524,"hostname":"LAPTOP-PD0JMHRC","msg":"Skipping slash command botinvite. Disabled!"}
{"level":20,"time":1737552437065,"pid":4524,"hostname":"LAPTOP-PD0JMHRC","msg":"Skipping slash command botstats. Disabled!"}
{"level":20,"time":1737552437112,"pid":4524,"hostname":"LAPTOP-PD0JMHRC","msg":"Skipping slash command channelinfo. Disabled!"}
{"level":20,"time":1737552437144,"pid":4524,"hostname":"LAPTOP-PD0JMHRC","msg":"Skipping slash command emojiinfo. Disabled!"}
{"level":20,"time":1737552437431,"pid":4524,"hostname":"LAPTOP-PD0JMHRC","msg":"Skipping slash command guildinfo. Disabled!"}
{"level":20,"time":1737552437442,"pid":4524,"hostname":"LAPTOP-PD0JMHRC","msg":"Skipping slash command uptime. Disabled!"}
{"level":20,"time":1737552437475,"pid":4524,"hostname":"LAPTOP-PD0JMHRC","msg":"Skipping slash command userinfo. Disabled!"}
{"level":20,"time":1737552437505,"pid":4524,"hostname":"LAPTOP-PD0JMHRC","msg":"Skipping command bot. Disabled!"}
{"level":20,"time":1737552437521,"pid":4524,"hostname":"LAPTOP-PD0JMHRC","msg":"Skipping command info. Disabled!"}
{"level":20,"time":1737552437794,"pid":4524,"hostname":"LAPTOP-PD0JMHRC","msg":"Skipping slash command deafen. Disabled!"}
{"level":20,"time":1737552437820,"pid":4524,"hostname":"LAPTOP-PD0JMHRC","msg":"Skipping slash command disconnect. Disabled!"}
{"level":20,"time":1737552437850,"pid":4524,"hostname":"LAPTOP-PD0JMHRC","msg":"Skipping slash command move. Disabled!"}
{"level":20,"time":1737552437865,"pid":4524,"hostname":"LAPTOP-PD0JMHRC","msg":"Skipping slash command purge. Disabled!"}
{"level":20,"time":1737552437880,"pid":4524,"hostname":"LAPTOP-PD0JMHRC","msg":"Skipping slash command purgeattach. Disabled!"}
{"level":20,"time":1737552437899,"pid":4524,"hostname":"LAPTOP-PD0JMHRC","msg":"Skipping slash command purgebots. Disabled!"}
{"level":20,"time":1737552437917,"pid":4524,"hostname":"LAPTOP-PD0JMHRC","msg":"Skipping slash command purgelinks. Disabled!"}
{"level":20,"time":1737552437932,"pid":4524,"hostname":"LAPTOP-PD0JMHRC","msg":"Skipping slash command purgetoken. Disabled!"}
{"level":20,"time":1737552437949,"pid":4524,"hostname":"LAPTOP-PD0JMHRC","msg":"Skipping slash command purgeuser. Disabled!"}
{"level":20,"time":1737552437978,"pid":4524,"hostname":"LAPTOP-PD0JMHRC","msg":"Skipping slash command undeafen. Disabled!"}
{"level":20,"time":1737552438006,"pid":4524,"hostname":"LAPTOP-PD0JMHRC","msg":"Skipping slash command vmute. Disabled!"}
{"level":20,"time":1737552438034,"pid":4524,"hostname":"LAPTOP-PD0JMHRC","msg":"Skipping slash command vunmute. Disabled!"}
{"level":20,"time":1737552438069,"pid":4524,"hostname":"LAPTOP-PD0JMHRC","msg":"Skipping command purge. Disabled!"}
{"level":20,"time":1737552438086,"pid":4524,"hostname":"LAPTOP-PD0JMHRC","msg":"Skipping command voice. Disabled!"}
{"level":50,"time":1737552438346,"pid":4524,"hostname":"LAPTOP-PD0JMHRC","msg":"Failed to load C:\\Users\\yaruk\\OneDrive\\Desktop\\Nikhao Ru\\src\\commands\\music\\play.js Reason: Cannot read properties of undefined (reading 'escapeMarkdown')"}
{"level":20,"time":1737552438521,"pid":4524,"hostname":"LAPTOP-PD0JMHRC","msg":"Skipping slash command eval. Disabled!"}
{"level":20,"time":1737552438540,"pid":4524,"hostname":"LAPTOP-PD0JMHRC","msg":"Skipping slash command leaveserver. Disabled!"}
{"level":20,"time":1737552438562,"pid":4524,"hostname":"LAPTOP-PD0JMHRC","msg":"Skipping slash command listservers. Disabled!"}
{"level":30,"time":1737552439230,"pid":4524,"hostname":"LAPTOP-PD0JMHRC","msg":"Loaded 103 commands"}
{"level":30,"time":1737552439230,"pid":4524,"hostname":"LAPTOP-PD0JMHRC","msg":"Loaded 83 slash commands"}
{"level":30,"time":1737552439230,"pid":4524,"hostname":"LAPTOP-PD0JMHRC","msg":"Loading contexts..."}
{"level":30,"time":1737552439253,"pid":4524,"hostname":"LAPTOP-PD0JMHRC","msg":"Loaded 1 USER contexts"}
{"level":30,"time":1737552439253,"pid":4524,"hostname":"LAPTOP-PD0JMHRC","msg":"Loaded 0 MESSAGE contexts"}
{"level":30,"time":1737552439253,"pid":4524,"hostname":"LAPTOP-PD0JMHRC","msg":"Loading events..."}
{"level":30,"time":1737552445541,"pid":24636,"hostname":"LAPTOP-PD0JMHRC","msg":"Validating config file and environment variables"}
{"level":40,"time":1737552445543,"pid":24636,"hostname":"LAPTOP-PD0JMHRC","msg":"env: SPOTIFY_CLIENT_ID or SPOTIFY_CLIENT_SECRET are missing. Spotify music links won't work"}
{"level":40,"time":1737552445543,"pid":24636,"hostname":"LAPTOP-PD0JMHRC","msg":"env: WEATHERSTACK_KEY is missing. Weather command won't work"}
{"level":40,"time":1737552445543,"pid":24636,"hostname":"LAPTOP-PD0JMHRC","msg":"env: STRANGE_API_KEY is missing. Image commands won't work"}
{"level":30,"time":1737552445642,"pid":24636,"hostname":"LAPTOP-PD0JMHRC","msg":"Loading commands..."}
{"level":20,"time":1737552445890,"pid":24636,"hostname":"LAPTOP-PD0JMHRC","msg":"Skipping slash command react. Disabled!"}
{"level":20,"time":1737552446770,"pid":24636,"hostname":"LAPTOP-PD0JMHRC","msg":"Skipping slash command avatar. Disabled!"}
{"level":20,"time":1737552446773,"pid":24636,"hostname":"LAPTOP-PD0JMHRC","msg":"Skipping slash command botinvite. Disabled!"}
{"level":20,"time":1737552446776,"pid":24636,"hostname":"LAPTOP-PD0JMHRC","msg":"Skipping slash command botstats. Disabled!"}
{"level":20,"time":1737552446779,"pid":24636,"hostname":"LAPTOP-PD0JMHRC","msg":"Skipping slash command channelinfo. Disabled!"}
{"level":20,"time":1737552446781,"pid":24636,"hostname":"LAPTOP-PD0JMHRC","msg":"Skipping slash command emojiinfo. Disabled!"}
{"level":20,"time":1737552446792,"pid":24636,"hostname":"LAPTOP-PD0JMHRC","msg":"Skipping slash command guildinfo. Disabled!"}
{"level":20,"time":1737552446793,"pid":24636,"hostname":"LAPTOP-PD0JMHRC","msg":"Skipping slash command uptime. Disabled!"}
{"level":20,"time":1737552446795,"pid":24636,"hostname":"LAPTOP-PD0JMHRC","msg":"Skipping slash command userinfo. Disabled!"}
{"level":20,"time":1737552446798,"pid":24636,"hostname":"LAPTOP-PD0JMHRC","msg":"Skipping command bot. Disabled!"}
{"level":20,"time":1737552446799,"pid":24636,"hostname":"LAPTOP-PD0JMHRC","msg":"Skipping command info. Disabled!"}
{"level":20,"time":1737552446819,"pid":24636,"hostname":"LAPTOP-PD0JMHRC","msg":"Skipping slash command deafen. Disabled!"}
{"level":20,"time":1737552446821,"pid":24636,"hostname":"LAPTOP-PD0JMHRC","msg":"Skipping slash command disconnect. Disabled!"}
{"level":20,"time":1737552446823,"pid":24636,"hostname":"LAPTOP-PD0JMHRC","msg":"Skipping slash command move. Disabled!"}
{"level":20,"time":1737552446824,"pid":24636,"hostname":"LAPTOP-PD0JMHRC","msg":"Skipping slash command purge. Disabled!"}
{"level":20,"time":1737552446825,"pid":24636,"hostname":"LAPTOP-PD0JMHRC","msg":"Skipping slash command purgeattach. Disabled!"}
{"level":20,"time":1737552446826,"pid":24636,"hostname":"LAPTOP-PD0JMHRC","msg":"Skipping slash command purgebots. Disabled!"}
{"level":20,"time":1737552446827,"pid":24636,"hostname":"LAPTOP-PD0JMHRC","msg":"Skipping slash command purgelinks. Disabled!"}
{"level":20,"time":1737552446828,"pid":24636,"hostname":"LAPTOP-PD0JMHRC","msg":"Skipping slash command purgetoken. Disabled!"}
{"level":20,"time":1737552446829,"pid":24636,"hostname":"LAPTOP-PD0JMHRC","msg":"Skipping slash command purgeuser. Disabled!"}
{"level":20,"time":1737552446831,"pid":24636,"hostname":"LAPTOP-PD0JMHRC","msg":"Skipping slash command undeafen. Disabled!"}
{"level":20,"time":1737552446833,"pid":24636,"hostname":"LAPTOP-PD0JMHRC","msg":"Skipping slash command vmute. Disabled!"}
{"level":20,"time":1737552446835,"pid":24636,"hostname":"LAPTOP-PD0JMHRC","msg":"Skipping slash command vunmute. Disabled!"}
{"level":20,"time":1737552446839,"pid":24636,"hostname":"LAPTOP-PD0JMHRC","msg":"Skipping command purge. Disabled!"}
{"level":20,"time":1737552446841,"pid":24636,"hostname":"LAPTOP-PD0JMHRC","msg":"Skipping command voice. Disabled!"}
{"level":50,"time":1737552446861,"pid":24636,"hostname":"LAPTOP-PD0JMHRC","msg":"Failed to load C:\\Users\\yaruk\\OneDrive\\Desktop\\Nikhao Ru\\src\\commands\\music\\play.js Reason: Cannot read properties of undefined (reading 'escapeMarkdown')"}
{"level":20,"time":1737552446874,"pid":24636,"hostname":"LAPTOP-PD0JMHRC","msg":"Skipping slash command eval. Disabled!"}
{"level":20,"time":1737552446875,"pid":24636,"hostname":"LAPTOP-PD0JMHRC","msg":"Skipping slash command leaveserver. Disabled!"}
{"level":20,"time":1737552446877,"pid":24636,"hostname":"LAPTOP-PD0JMHRC","msg":"Skipping slash command listservers. Disabled!"}
{"level":30,"time":1737552446916,"pid":24636,"hostname":"LAPTOP-PD0JMHRC","msg":"Loaded 103 commands"}
{"level":30,"time":1737552446916,"pid":24636,"hostname":"LAPTOP-PD0JMHRC","msg":"Loaded 83 slash commands"}
{"level":30,"time":1737552446916,"pid":24636,"hostname":"LAPTOP-PD0JMHRC","msg":"Loading contexts..."}
{"level":30,"time":1737552446918,"pid":24636,"hostname":"LAPTOP-PD0JMHRC","msg":"Loaded 1 USER contexts"}
{"level":30,"time":1737552446918,"pid":24636,"hostname":"LAPTOP-PD0JMHRC","msg":"Loaded 0 MESSAGE contexts"}
{"level":30,"time":1737552446918,"pid":24636,"hostname":"LAPTOP-PD0JMHRC","msg":"Loading events..."}
{"level":30,"time":1737552446988,"pid":24636,"hostname":"LAPTOP-PD0JMHRC","msg":"Loaded 15 events. Success (15) Failed (0)"}
{"level":40,"time":1737552447359,"pid":24636,"hostname":"LAPTOP-PD0JMHRC","msg":"VersionCheck: 5.5.0 update is available"}
{"level":40,"time":1737552447360,"pid":24636,"hostname":"LAPTOP-PD0JMHRC","msg":"download: https://github.com/saiteja-madha/discord-js-bot/releases/latest"}
{"level":30,"time":1737552447361,"pid":24636,"hostname":"LAPTOP-PD0JMHRC","msg":"Connecting to MongoDb..."}
{"level":30,"time":1737552448024,"pid":24636,"hostname":"LAPTOP-PD0JMHRC","msg":"Mongoose: Database connection established"}
{"level":30,"time":1737552448897,"pid":24636,"hostname":"LAPTOP-PD0JMHRC","msg":"Logged in as Nikhao#9229! (1302268694902210661)"}
{"level":20,"time":1737552448898,"pid":24636,"hostname":"LAPTOP-PD0JMHRC","msg":"Node \"Local Node\" debug: connection: creating websocket..."}
{"level":30,"time":1737552448900,"pid":24636,"hostname":"LAPTOP-PD0JMHRC","msg":"Music Manager initialized"}
{"level":30,"time":1737552448900,"pid":24636,"hostname":"LAPTOP-PD0JMHRC","msg":"Initializing giveaways manager..."}
{"level":50,"time":1737552448916,"pid":24636,"hostname":"LAPTOP-PD0JMHRC","err":{"type":"Error","message":"Error: connect ECONNREFUSED ::1:2333","stack":"Error: Error: connect ECONNREFUSED ::1:2333\n    at Connection._onerror (C:\\Users\\yaruk\\OneDrive\\Desktop\\Nikhao Ru\\node_modules\\lavaclient\\dist\\lib\\node\\Connection.js:145:33)\n    at callListener (C:\\Users\\yaruk\\OneDrive\\Desktop\\Nikhao Ru\\node_modules\\ws\\lib\\event-target.js:290:14)\n    at WebSocket.onError (C:\\Users\\yaruk\\OneDrive\\Desktop\\Nikhao Ru\\node_modules\\ws\\lib\\event-target.js:230:9)\n    at WebSocket.emit (node:events:517:28)\n    at emitErrorAndClose (C:\\Users\\yaruk\\OneDrive\\Desktop\\Nikhao Ru\\node_modules\\ws\\lib\\websocket.js:1041:13)\n    at ClientRequest.<anonymous> (C:\\Users\\yaruk\\OneDrive\\Desktop\\Nikhao Ru\\node_modules\\ws\\lib\\websocket.js:881:5)\n    at ClientRequest.emit (node:events:517:28)\n    at Socket.socketErrorListener (node:_http_client:501:9)\n    at Socket.emit (node:events:517:28)\n    at emitErrorNT (node:internal/streams/destroy:151:8)"},"msg":"Node \"Local Node\" encountered an error: Error: connect ECONNREFUSED ::1:2333.: Error: connect ECONNREFUSED ::1:2333"}
{"level":30,"time":1737552448918,"pid":24636,"hostname":"LAPTOP-PD0JMHRC","msg":"Node \"Local Node\" disconnected"}
{"level":20,"time":1737552448918,"pid":24636,"hostname":"LAPTOP-PD0JMHRC","msg":"Node \"Local Node\" debug: connection: unable to reconnect"}
{"level":30,"time":1737552448953,"pid":24636,"hostname":"LAPTOP-PD0JMHRC","msg":"Giveaway Manager initialized"}
{"level":30,"time":1737552449382,"pid":24636,"hostname":"LAPTOP-PD0JMHRC","msg":"Successfully registered interactions"}
{"level":30,"time":1737553812473,"pid":4872,"hostname":"LAPTOP-PD0JMHRC","msg":"Validating config file and environment variables"}
{"level":40,"time":1737553812475,"pid":4872,"hostname":"LAPTOP-PD0JMHRC","msg":"env: SPOTIFY_CLIENT_ID or SPOTIFY_CLIENT_SECRET are missing. Spotify music links won't work"}
{"level":40,"time":1737553812475,"pid":4872,"hostname":"LAPTOP-PD0JMHRC","msg":"env: WEATHERSTACK_KEY is missing. Weather command won't work"}
{"level":40,"time":1737553812475,"pid":4872,"hostname":"LAPTOP-PD0JMHRC","msg":"env: STRANGE_API_KEY is missing. Image commands won't work"}
{"level":30,"time":1737553812584,"pid":4872,"hostname":"LAPTOP-PD0JMHRC","msg":"Loading commands..."}
{"level":20,"time":1737553812822,"pid":4872,"hostname":"LAPTOP-PD0JMHRC","msg":"Skipping slash command react. Disabled!"}
{"level":20,"time":1737553813657,"pid":4872,"hostname":"LAPTOP-PD0JMHRC","msg":"Skipping slash command avatar. Disabled!"}
{"level":20,"time":1737553813659,"pid":4872,"hostname":"LAPTOP-PD0JMHRC","msg":"Skipping slash command botinvite. Disabled!"}
{"level":20,"time":1737553813662,"pid":4872,"hostname":"LAPTOP-PD0JMHRC","msg":"Skipping slash command botstats. Disabled!"}
{"level":20,"time":1737553813667,"pid":4872,"hostname":"LAPTOP-PD0JMHRC","msg":"Skipping slash command channelinfo. Disabled!"}
{"level":20,"time":1737553813670,"pid":4872,"hostname":"LAPTOP-PD0JMHRC","msg":"Skipping slash command emojiinfo. Disabled!"}
{"level":20,"time":1737553813683,"pid":4872,"hostname":"LAPTOP-PD0JMHRC","msg":"Skipping slash command guildinfo. Disabled!"}
{"level":20,"time":1737553813683,"pid":4872,"hostname":"LAPTOP-PD0JMHRC","msg":"Skipping slash command uptime. Disabled!"}
{"level":20,"time":1737553813686,"pid":4872,"hostname":"LAPTOP-PD0JMHRC","msg":"Skipping slash command userinfo. Disabled!"}
{"level":20,"time":1737553813689,"pid":4872,"hostname":"LAPTOP-PD0JMHRC","msg":"Skipping command bot. Disabled!"}
{"level":20,"time":1737553813691,"pid":4872,"hostname":"LAPTOP-PD0JMHRC","msg":"Skipping command info. Disabled!"}
{"level":20,"time":1737553813716,"pid":4872,"hostname":"LAPTOP-PD0JMHRC","msg":"Skipping slash command deafen. Disabled!"}
{"level":20,"time":1737553813721,"pid":4872,"hostname":"LAPTOP-PD0JMHRC","msg":"Skipping slash command disconnect. Disabled!"}
{"level":20,"time":1737553813725,"pid":4872,"hostname":"LAPTOP-PD0JMHRC","msg":"Skipping slash command move. Disabled!"}
{"level":20,"time":1737553813726,"pid":4872,"hostname":"LAPTOP-PD0JMHRC","msg":"Skipping slash command purge. Disabled!"}
{"level":20,"time":1737553813728,"pid":4872,"hostname":"LAPTOP-PD0JMHRC","msg":"Skipping slash command purgeattach. Disabled!"}
{"level":20,"time":1737553813730,"pid":4872,"hostname":"LAPTOP-PD0JMHRC","msg":"Skipping slash command purgebots. Disabled!"}
{"level":20,"time":1737553813732,"pid":4872,"hostname":"LAPTOP-PD0JMHRC","msg":"Skipping slash command purgelinks. Disabled!"}
{"level":20,"time":1737553813734,"pid":4872,"hostname":"LAPTOP-PD0JMHRC","msg":"Skipping slash command purgetoken. Disabled!"}
{"level":20,"time":1737553813736,"pid":4872,"hostname":"LAPTOP-PD0JMHRC","msg":"Skipping slash command purgeuser. Disabled!"}
{"level":20,"time":1737553813738,"pid":4872,"hostname":"LAPTOP-PD0JMHRC","msg":"Skipping slash command undeafen. Disabled!"}
{"level":20,"time":1737553813741,"pid":4872,"hostname":"LAPTOP-PD0JMHRC","msg":"Skipping slash command vmute. Disabled!"}
{"level":20,"time":1737553813744,"pid":4872,"hostname":"LAPTOP-PD0JMHRC","msg":"Skipping slash command vunmute. Disabled!"}
{"level":20,"time":1737553813748,"pid":4872,"hostname":"LAPTOP-PD0JMHRC","msg":"Skipping command purge. Disabled!"}
{"level":20,"time":1737553813750,"pid":4872,"hostname":"LAPTOP-PD0JMHRC","msg":"Skipping command voice. Disabled!"}
{"level":50,"time":1737553813774,"pid":4872,"hostname":"LAPTOP-PD0JMHRC","msg":"Failed to load C:\\Users\\yaruk\\OneDrive\\Desktop\\Nikhao Ru\\src\\commands\\music\\play.js Reason: Cannot read properties of undefined (reading 'escapeMarkdown')"}
{"level":20,"time":1737553813793,"pid":4872,"hostname":"LAPTOP-PD0JMHRC","msg":"Skipping slash command eval. Disabled!"}
{"level":20,"time":1737553813794,"pid":4872,"hostname":"LAPTOP-PD0JMHRC","msg":"Skipping slash command leaveserver. Disabled!"}
{"level":20,"time":1737553813797,"pid":4872,"hostname":"LAPTOP-PD0JMHRC","msg":"Skipping slash command listservers. Disabled!"}
{"level":30,"time":1737553813842,"pid":4872,"hostname":"LAPTOP-PD0JMHRC","msg":"Loaded 103 commands"}
{"level":30,"time":1737553813842,"pid":4872,"hostname":"LAPTOP-PD0JMHRC","msg":"Loaded 83 slash commands"}
{"level":30,"time":1737553813842,"pid":4872,"hostname":"LAPTOP-PD0JMHRC","msg":"Loading contexts..."}
{"level":30,"time":1737553813844,"pid":4872,"hostname":"LAPTOP-PD0JMHRC","msg":"Loaded 1 USER contexts"}
{"level":30,"time":1737553813844,"pid":4872,"hostname":"LAPTOP-PD0JMHRC","msg":"Loaded 0 MESSAGE contexts"}
{"level":30,"time":1737553813844,"pid":4872,"hostname":"LAPTOP-PD0JMHRC","msg":"Loading events..."}
{"level":30,"time":1737553813898,"pid":4872,"hostname":"LAPTOP-PD0JMHRC","msg":"Loaded 15 events. Success (15) Failed (0)"}
{"level":40,"time":1737553814253,"pid":4872,"hostname":"LAPTOP-PD0JMHRC","msg":"VersionCheck: 5.5.0 update is available"}
{"level":40,"time":1737553814254,"pid":4872,"hostname":"LAPTOP-PD0JMHRC","msg":"download: https://github.com/saiteja-madha/discord-js-bot/releases/latest"}
{"level":30,"time":1737553814255,"pid":4872,"hostname":"LAPTOP-PD0JMHRC","msg":"Connecting to MongoDb..."}
{"level":30,"time":1737553814905,"pid":4872,"hostname":"LAPTOP-PD0JMHRC","msg":"Mongoose: Database connection established"}
{"level":30,"time":1737553815750,"pid":4872,"hostname":"LAPTOP-PD0JMHRC","msg":"Logged in as Nikhao#9229! (1302268694902210661)"}
{"level":20,"time":1737553815751,"pid":4872,"hostname":"LAPTOP-PD0JMHRC","msg":"Node \"Local Node\" debug: connection: creating websocket..."}
{"level":30,"time":1737553815753,"pid":4872,"hostname":"LAPTOP-PD0JMHRC","msg":"Music Manager initialized"}
{"level":30,"time":1737553815753,"pid":4872,"hostname":"LAPTOP-PD0JMHRC","msg":"Initializing giveaways manager..."}
{"level":50,"time":1737553815767,"pid":4872,"hostname":"LAPTOP-PD0JMHRC","err":{"type":"Error","message":"Error: connect ECONNREFUSED ::1:2333","stack":"Error: Error: connect ECONNREFUSED ::1:2333\n    at Connection._onerror (C:\\Users\\yaruk\\OneDrive\\Desktop\\Nikhao Ru\\node_modules\\lavaclient\\dist\\lib\\node\\Connection.js:145:33)\n    at callListener (C:\\Users\\yaruk\\OneDrive\\Desktop\\Nikhao Ru\\node_modules\\ws\\lib\\event-target.js:290:14)\n    at WebSocket.onError (C:\\Users\\yaruk\\OneDrive\\Desktop\\Nikhao Ru\\node_modules\\ws\\lib\\event-target.js:230:9)\n    at WebSocket.emit (node:events:517:28)\n    at emitErrorAndClose (C:\\Users\\yaruk\\OneDrive\\Desktop\\Nikhao Ru\\node_modules\\ws\\lib\\websocket.js:1041:13)\n    at ClientRequest.<anonymous> (C:\\Users\\yaruk\\OneDrive\\Desktop\\Nikhao Ru\\node_modules\\ws\\lib\\websocket.js:881:5)\n    at ClientRequest.emit (node:events:517:28)\n    at Socket.socketErrorListener (node:_http_client:501:9)\n    at Socket.emit (node:events:517:28)\n    at emitErrorNT (node:internal/streams/destroy:151:8)"},"msg":"Node \"Local Node\" encountered an error: Error: connect ECONNREFUSED ::1:2333.: Error: connect ECONNREFUSED ::1:2333"}
{"level":30,"time":1737553815768,"pid":4872,"hostname":"LAPTOP-PD0JMHRC","msg":"Node \"Local Node\" disconnected"}
{"level":20,"time":1737553815769,"pid":4872,"hostname":"LAPTOP-PD0JMHRC","msg":"Node \"Local Node\" debug: connection: unable to reconnect"}
{"level":30,"time":1737553815804,"pid":4872,"hostname":"LAPTOP-PD0JMHRC","msg":"Giveaway Manager initialized"}
{"level":30,"time":1737553816351,"pid":4872,"hostname":"LAPTOP-PD0JMHRC","msg":"Successfully registered interactions"}
{"level":30,"time":1737553861300,"pid":22460,"hostname":"LAPTOP-PD0JMHRC","msg":"Validating config file and environment variables"}
{"level":40,"time":1737553861302,"pid":22460,"hostname":"LAPTOP-PD0JMHRC","msg":"env: SPOTIFY_CLIENT_ID or SPOTIFY_CLIENT_SECRET are missing. Spotify music links won't work"}
{"level":40,"time":1737553861302,"pid":22460,"hostname":"LAPTOP-PD0JMHRC","msg":"env: WEATHERSTACK_KEY is missing. Weather command won't work"}
{"level":40,"time":1737553861302,"pid":22460,"hostname":"LAPTOP-PD0JMHRC","msg":"env: STRANGE_API_KEY is missing. Image commands won't work"}
{"level":30,"time":1737553861444,"pid":22460,"hostname":"LAPTOP-PD0JMHRC","msg":"Loading commands..."}
{"level":20,"time":1737553861648,"pid":22460,"hostname":"LAPTOP-PD0JMHRC","msg":"Skipping slash command react. Disabled!"}
{"level":30,"time":1737553867798,"pid":19980,"hostname":"LAPTOP-PD0JMHRC","msg":"Validating config file and environment variables"}
{"level":40,"time":1737553867800,"pid":19980,"hostname":"LAPTOP-PD0JMHRC","msg":"env: SPOTIFY_CLIENT_ID or SPOTIFY_CLIENT_SECRET are missing. Spotify music links won't work"}
{"level":40,"time":1737553867800,"pid":19980,"hostname":"LAPTOP-PD0JMHRC","msg":"env: WEATHERSTACK_KEY is missing. Weather command won't work"}
{"level":40,"time":1737553867800,"pid":19980,"hostname":"LAPTOP-PD0JMHRC","msg":"env: STRANGE_API_KEY is missing. Image commands won't work"}
{"level":30,"time":1737553867906,"pid":19980,"hostname":"LAPTOP-PD0JMHRC","msg":"Loading commands..."}
{"level":20,"time":1737553868170,"pid":19980,"hostname":"LAPTOP-PD0JMHRC","msg":"Skipping slash command react. Disabled!"}
{"level":20,"time":1737553868989,"pid":19980,"hostname":"LAPTOP-PD0JMHRC","msg":"Skipping slash command avatar. Disabled!"}
{"level":20,"time":1737553868994,"pid":19980,"hostname":"LAPTOP-PD0JMHRC","msg":"Skipping slash command botinvite. Disabled!"}
{"level":20,"time":1737553868997,"pid":19980,"hostname":"LAPTOP-PD0JMHRC","msg":"Skipping slash command botstats. Disabled!"}
{"level":20,"time":1737553869001,"pid":19980,"hostname":"LAPTOP-PD0JMHRC","msg":"Skipping slash command channelinfo. Disabled!"}
{"level":20,"time":1737553869003,"pid":19980,"hostname":"LAPTOP-PD0JMHRC","msg":"Skipping slash command emojiinfo. Disabled!"}
{"level":20,"time":1737553869015,"pid":19980,"hostname":"LAPTOP-PD0JMHRC","msg":"Skipping slash command guildinfo. Disabled!"}
{"level":20,"time":1737553869016,"pid":19980,"hostname":"LAPTOP-PD0JMHRC","msg":"Skipping slash command uptime. Disabled!"}
{"level":20,"time":1737553869018,"pid":19980,"hostname":"LAPTOP-PD0JMHRC","msg":"Skipping slash command userinfo. Disabled!"}
{"level":20,"time":1737553869021,"pid":19980,"hostname":"LAPTOP-PD0JMHRC","msg":"Skipping command bot. Disabled!"}
{"level":20,"time":1737553869022,"pid":19980,"hostname":"LAPTOP-PD0JMHRC","msg":"Skipping command info. Disabled!"}
{"level":20,"time":1737553869043,"pid":19980,"hostname":"LAPTOP-PD0JMHRC","msg":"Skipping slash command deafen. Disabled!"}
{"level":20,"time":1737553869045,"pid":19980,"hostname":"LAPTOP-PD0JMHRC","msg":"Skipping slash command disconnect. Disabled!"}
{"level":20,"time":1737553869047,"pid":19980,"hostname":"LAPTOP-PD0JMHRC","msg":"Skipping slash command move. Disabled!"}
{"level":20,"time":1737553869048,"pid":19980,"hostname":"LAPTOP-PD0JMHRC","msg":"Skipping slash command purge. Disabled!"}
{"level":20,"time":1737553869049,"pid":19980,"hostname":"LAPTOP-PD0JMHRC","msg":"Skipping slash command purgeattach. Disabled!"}
{"level":20,"time":1737553869050,"pid":19980,"hostname":"LAPTOP-PD0JMHRC","msg":"Skipping slash command purgebots. Disabled!"}
{"level":20,"time":1737553869051,"pid":19980,"hostname":"LAPTOP-PD0JMHRC","msg":"Skipping slash command purgelinks. Disabled!"}
{"level":20,"time":1737553869052,"pid":19980,"hostname":"LAPTOP-PD0JMHRC","msg":"Skipping slash command purgetoken. Disabled!"}
{"level":20,"time":1737553869053,"pid":19980,"hostname":"LAPTOP-PD0JMHRC","msg":"Skipping slash command purgeuser. Disabled!"}
{"level":20,"time":1737553869056,"pid":19980,"hostname":"LAPTOP-PD0JMHRC","msg":"Skipping slash command undeafen. Disabled!"}
{"level":20,"time":1737553869058,"pid":19980,"hostname":"LAPTOP-PD0JMHRC","msg":"Skipping slash command vmute. Disabled!"}
{"level":20,"time":1737553869060,"pid":19980,"hostname":"LAPTOP-PD0JMHRC","msg":"Skipping slash command vunmute. Disabled!"}
{"level":20,"time":1737553869063,"pid":19980,"hostname":"LAPTOP-PD0JMHRC","msg":"Skipping command purge. Disabled!"}
{"level":20,"time":1737553869065,"pid":19980,"hostname":"LAPTOP-PD0JMHRC","msg":"Skipping command voice. Disabled!"}
{"level":50,"time":1737553869086,"pid":19980,"hostname":"LAPTOP-PD0JMHRC","msg":"Failed to load C:\\Users\\yaruk\\OneDrive\\Desktop\\Nikhao Ru\\src\\commands\\music\\play.js Reason: Cannot read properties of undefined (reading 'escapeMarkdown')"}
{"level":20,"time":1737553869101,"pid":19980,"hostname":"LAPTOP-PD0JMHRC","msg":"Skipping slash command eval. Disabled!"}
{"level":20,"time":1737553869103,"pid":19980,"hostname":"LAPTOP-PD0JMHRC","msg":"Skipping slash command leaveserver. Disabled!"}
{"level":20,"time":1737553869105,"pid":19980,"hostname":"LAPTOP-PD0JMHRC","msg":"Skipping slash command listservers. Disabled!"}
{"level":30,"time":1737553869148,"pid":19980,"hostname":"LAPTOP-PD0JMHRC","msg":"Loaded 103 commands"}
{"level":30,"time":1737553869148,"pid":19980,"hostname":"LAPTOP-PD0JMHRC","msg":"Loaded 83 slash commands"}
{"level":30,"time":1737553869148,"pid":19980,"hostname":"LAPTOP-PD0JMHRC","msg":"Loading contexts..."}
{"level":30,"time":1737553869151,"pid":19980,"hostname":"LAPTOP-PD0JMHRC","msg":"Loaded 1 USER contexts"}
{"level":30,"time":1737553869151,"pid":19980,"hostname":"LAPTOP-PD0JMHRC","msg":"Loaded 0 MESSAGE contexts"}
{"level":30,"time":1737553869151,"pid":19980,"hostname":"LAPTOP-PD0JMHRC","msg":"Loading events..."}
{"level":30,"time":1737553869214,"pid":19980,"hostname":"LAPTOP-PD0JMHRC","msg":"Loaded 15 events. Success (15) Failed (0)"}
{"level":40,"time":1737553869636,"pid":19980,"hostname":"LAPTOP-PD0JMHRC","msg":"VersionCheck: 5.5.0 update is available"}
{"level":40,"time":1737553869636,"pid":19980,"hostname":"LAPTOP-PD0JMHRC","msg":"download: https://github.com/saiteja-madha/discord-js-bot/releases/latest"}
{"level":30,"time":1737553869637,"pid":19980,"hostname":"LAPTOP-PD0JMHRC","msg":"Connecting to MongoDb..."}
{"level":30,"time":1737553870165,"pid":19980,"hostname":"LAPTOP-PD0JMHRC","msg":"Mongoose: Database connection established"}
{"level":30,"time":1737553871057,"pid":19980,"hostname":"LAPTOP-PD0JMHRC","msg":"Logged in as Nikhao#9229! (1302268694902210661)"}
{"level":20,"time":1737553871057,"pid":19980,"hostname":"LAPTOP-PD0JMHRC","msg":"Node \"Local Node\" debug: connection: creating websocket..."}
{"level":30,"time":1737553871059,"pid":19980,"hostname":"LAPTOP-PD0JMHRC","msg":"Music Manager initialized"}
{"level":30,"time":1737553871059,"pid":19980,"hostname":"LAPTOP-PD0JMHRC","msg":"Initializing giveaways manager..."}
{"level":50,"time":1737553871076,"pid":19980,"hostname":"LAPTOP-PD0JMHRC","err":{"type":"Error","message":"Error: connect ECONNREFUSED ::1:2333","stack":"Error: Error: connect ECONNREFUSED ::1:2333\n    at Connection._onerror (C:\\Users\\yaruk\\OneDrive\\Desktop\\Nikhao Ru\\node_modules\\lavaclient\\dist\\lib\\node\\Connection.js:145:33)\n    at callListener (C:\\Users\\yaruk\\OneDrive\\Desktop\\Nikhao Ru\\node_modules\\ws\\lib\\event-target.js:290:14)\n    at WebSocket.onError (C:\\Users\\yaruk\\OneDrive\\Desktop\\Nikhao Ru\\node_modules\\ws\\lib\\event-target.js:230:9)\n    at WebSocket.emit (node:events:517:28)\n    at emitErrorAndClose (C:\\Users\\yaruk\\OneDrive\\Desktop\\Nikhao Ru\\node_modules\\ws\\lib\\websocket.js:1041:13)\n    at ClientRequest.<anonymous> (C:\\Users\\yaruk\\OneDrive\\Desktop\\Nikhao Ru\\node_modules\\ws\\lib\\websocket.js:881:5)\n    at ClientRequest.emit (node:events:517:28)\n    at Socket.socketErrorListener (node:_http_client:501:9)\n    at Socket.emit (node:events:517:28)\n    at emitErrorNT (node:internal/streams/destroy:151:8)"},"msg":"Node \"Local Node\" encountered an error: Error: connect ECONNREFUSED ::1:2333.: Error: connect ECONNREFUSED ::1:2333"}
{"level":30,"time":1737553871077,"pid":19980,"hostname":"LAPTOP-PD0JMHRC","msg":"Node \"Local Node\" disconnected"}
{"level":20,"time":1737553871077,"pid":19980,"hostname":"LAPTOP-PD0JMHRC","msg":"Node \"Local Node\" debug: connection: unable to reconnect"}
{"level":30,"time":1737553871111,"pid":19980,"hostname":"LAPTOP-PD0JMHRC","msg":"Giveaway Manager initialized"}
{"level":30,"time":1737553871717,"pid":19980,"hostname":"LAPTOP-PD0JMHRC","msg":"Successfully registered interactions"}
{"level":50,"time":1737556917482,"pid":19980,"hostname":"LAPTOP-PD0JMHRC","err":{"type":"MongoServerSelectionError","message":"50530000:error:0A000438:SSL routines:ssl3_read_bytes:tlsv1 alert internal error:c:\\ws\\deps\\openssl\\openssl\\ssl\\record\\rec_layer_s3.c:1605:SSL alert number 80\n: 50530000:error:0A000438:SSL routines:ssl3_read_bytes:tlsv1 alert internal error:c:\\ws\\deps\\openssl\\openssl\\ssl\\record\\rec_layer_s3.c:1605:SSL alert number 80\n: 50530000:error:0A000438:SSL routines:ssl3_read_bytes:tlsv1 alert internal error:c:\\ws\\deps\\openssl\\openssl\\ssl\\record\\rec_layer_s3.c:1605:SSL alert number 80\n","stack":"MongoServerSelectionError: 50530000:error:0A000438:SSL routines:ssl3_read_bytes:tlsv1 alert internal error:c:\\ws\\deps\\openssl\\openssl\\ssl\\record\\rec_layer_s3.c:1605:SSL alert number 80\n\n    at Topology.selectServer (C:\\Users\\yaruk\\OneDrive\\Desktop\\Nikhao Ru\\node_modules\\mongodb\\lib\\sdam\\topology.js:320:38)\n    at async tryOperation (C:\\Users\\yaruk\\OneDrive\\Desktop\\Nikhao Ru\\node_modules\\mongodb\\lib\\operations\\execute_operation.js:143:18)\n    at async executeOperation (C:\\Users\\yaruk\\OneDrive\\Desktop\\Nikhao Ru\\node_modules\\mongodb\\lib\\operations\\execute_operation.js:73:16)\n    at async FindCursor._initialize (C:\\Users\\yaruk\\OneDrive\\Desktop\\Nikhao Ru\\node_modules\\mongodb\\lib\\cursor\\find_cursor.js:60:26)\n    at async FindCursor.cursorInit (C:\\Users\\yaruk\\OneDrive\\Desktop\\Nikhao Ru\\node_modules\\mongodb\\lib\\cursor\\abstract_cursor.js:607:27)\n    at async FindCursor.fetchBatch (C:\\Users\\yaruk\\OneDrive\\Desktop\\Nikhao Ru\\node_modules\\mongodb\\lib\\cursor\\abstract_cursor.js:641:13)\n    at async FindCursor.next (C:\\Users\\yaruk\\OneDrive\\Desktop\\Nikhao Ru\\node_modules\\mongodb\\lib\\cursor\\abstract_cursor.js:323:17)\n    at async Collection.findOne (C:\\Users\\yaruk\\OneDrive\\Desktop\\Nikhao Ru\\node_modules\\mongodb\\lib\\collection.js:277:21)\n    at async model.Query._findOne (C:\\Users\\yaruk\\OneDrive\\Desktop\\Nikhao Ru\\node_modules\\mongoose\\lib\\query.js:2643:15)\n    at async model.Query.exec (C:\\Users\\yaruk\\OneDrive\\Desktop\\Nikhao Ru\\node_modules\\mongoose\\lib\\query.js:4438:63)\ncaused by: MongoNetworkError: 50530000:error:0A000438:SSL routines:ssl3_read_bytes:tlsv1 alert internal error:c:\\ws\\deps\\openssl\\openssl\\ssl\\record\\rec_layer_s3.c:1605:SSL alert number 80\n\n    at TLSSocket.<anonymous> (C:\\Users\\yaruk\\OneDrive\\Desktop\\Nikhao Ru\\node_modules\\mongodb\\lib\\cmap\\connect.js:285:44)\n    at Object.onceWrapper (node:events:632:26)\n    at TLSSocket.emit (node:events:517:28)\n    at emitErrorNT (node:internal/streams/destroy:151:8)\n    at emitErrorCloseNT (node:internal/streams/destroy:116:3)\n    at process.processTicksAndRejections (node:internal/process/task_queues:82:21)\ncaused by: Error: 50530000:error:0A000438:SSL routines:ssl3_read_bytes:tlsv1 alert internal error:c:\\ws\\deps\\openssl\\openssl\\ssl\\record\\rec_layer_s3.c:1605:SSL alert number 80\n","reason":{"type":"ReplicaSetNoPrimary","servers":{"ac-r2x6sco-shard-00-02.o9qtau8.mongodb.net:27017":{"address":"ac-r2x6sco-shard-00-02.o9qtau8.mongodb.net:27017","type":"Unknown","hosts":[],"passives":[],"arbiters":[],"tags":{},"minWireVersion":0,"maxWireVersion":0,"roundTripTime":-1,"minRoundTripTime":0,"lastUpdateTime":345983597,"lastWriteDate":0,"error":{},"topologyVersion":null,"setName":null,"setVersion":null,"electionId":null,"logicalSessionTimeoutMinutes":null,"maxMessageSizeBytes":null,"maxWriteBatchSize":null,"maxBsonObjectSize":null,"primary":null,"me":null,"$clusterTime":null,"iscryptd":false},"ac-r2x6sco-shard-00-01.o9qtau8.mongodb.net:27017":{"address":"ac-r2x6sco-shard-00-01.o9qtau8.mongodb.net:27017","type":"Unknown","hosts":[],"passives":[],"arbiters":[],"tags":{},"minWireVersion":0,"maxWireVersion":0,"roundTripTime":-1,"minRoundTripTime":0,"lastUpdateTime":345983655,"lastWriteDate":0,"error":{},"topologyVersion":null,"setName":null,"setVersion":null,"electionId":null,"logicalSessionTimeoutMinutes":null,"maxMessageSizeBytes":null,"maxWriteBatchSize":null,"maxBsonObjectSize":null,"primary":null,"me":null,"$clusterTime":null,"iscryptd":false},"ac-r2x6sco-shard-00-00.o9qtau8.mongodb.net:27017":{"address":"ac-r2x6sco-shard-00-00.o9qtau8.mongodb.net:27017","type":"Unknown","hosts":[],"passives":[],"arbiters":[],"tags":{},"minWireVersion":0,"maxWireVersion":0,"roundTripTime":-1,"minRoundTripTime":0,"lastUpdateTime":345983689,"lastWriteDate":0,"error":{},"topologyVersion":null,"setName":null,"setVersion":null,"electionId":null,"logicalSessionTimeoutMinutes":null,"maxMessageSizeBytes":null,"maxWriteBatchSize":null,"maxBsonObjectSize":null,"primary":null,"me":null,"$clusterTime":null,"iscryptd":false}},"stale":false,"compatible":true,"heartbeatFrequencyMS":10000,"localThresholdMS":15,"setName":"atlas-ogh9ex-shard-0","maxElectionId":{"$oid":"7fffffff0000000000000086"},"maxSetVersion":16,"commonWireVersion":0,"logicalSessionTimeoutMinutes":null}},"msg":"messageRun: 50530000:error:0A000438:SSL routines:ssl3_read_bytes:tlsv1 alert internal error:c:\\ws\\deps\\openssl\\openssl\\ssl\\record\\rec_layer_s3.c:1605:SSL alert number 80\n"}
{"level":50,"time":1737557183975,"pid":19980,"hostname":"LAPTOP-PD0JMHRC","err":{"type":"MongoServerSelectionError","message":"50530000:error:0A000438:SSL routines:ssl3_read_bytes:tlsv1 alert internal error:c:\\ws\\deps\\openssl\\openssl\\ssl\\record\\rec_layer_s3.c:1605:SSL alert number 80\n: 50530000:error:0A000438:SSL routines:ssl3_read_bytes:tlsv1 alert internal error:c:\\ws\\deps\\openssl\\openssl\\ssl\\record\\rec_layer_s3.c:1605:SSL alert number 80\n: 50530000:error:0A000438:SSL routines:ssl3_read_bytes:tlsv1 alert internal error:c:\\ws\\deps\\openssl\\openssl\\ssl\\record\\rec_layer_s3.c:1605:SSL alert number 80\n","stack":"MongoServerSelectionError: 50530000:error:0A000438:SSL routines:ssl3_read_bytes:tlsv1 alert internal error:c:\\ws\\deps\\openssl\\openssl\\ssl\\record\\rec_layer_s3.c:1605:SSL alert number 80\n\n    at Topology.selectServer (C:\\Users\\yaruk\\OneDrive\\Desktop\\Nikhao Ru\\node_modules\\mongodb\\lib\\sdam\\topology.js:320:38)\n    at async tryOperation (C:\\Users\\yaruk\\OneDrive\\Desktop\\Nikhao Ru\\node_modules\\mongodb\\lib\\operations\\execute_operation.js:143:18)\n    at async executeOperation (C:\\Users\\yaruk\\OneDrive\\Desktop\\Nikhao Ru\\node_modules\\mongodb\\lib\\operations\\execute_operation.js:73:16)\n    at async FindCursor._initialize (C:\\Users\\yaruk\\OneDrive\\Desktop\\Nikhao Ru\\node_modules\\mongodb\\lib\\cursor\\find_cursor.js:60:26)\n    at async FindCursor.cursorInit (C:\\Users\\yaruk\\OneDrive\\Desktop\\Nikhao Ru\\node_modules\\mongodb\\lib\\cursor\\abstract_cursor.js:607:27)\n    at async FindCursor.fetchBatch (C:\\Users\\yaruk\\OneDrive\\Desktop\\Nikhao Ru\\node_modules\\mongodb\\lib\\cursor\\abstract_cursor.js:641:13)\n    at async FindCursor.next (C:\\Users\\yaruk\\OneDrive\\Desktop\\Nikhao Ru\\node_modules\\mongodb\\lib\\cursor\\abstract_cursor.js:323:17)\n    at async Collection.findOne (C:\\Users\\yaruk\\OneDrive\\Desktop\\Nikhao Ru\\node_modules\\mongodb\\lib\\collection.js:277:21)\n    at async model.Query._findOne (C:\\Users\\yaruk\\OneDrive\\Desktop\\Nikhao Ru\\node_modules\\mongoose\\lib\\query.js:2643:15)\n    at async model.Query.exec (C:\\Users\\yaruk\\OneDrive\\Desktop\\Nikhao Ru\\node_modules\\mongoose\\lib\\query.js:4438:63)\ncaused by: MongoNetworkError: 50530000:error:0A000438:SSL routines:ssl3_read_bytes:tlsv1 alert internal error:c:\\ws\\deps\\openssl\\openssl\\ssl\\record\\rec_layer_s3.c:1605:SSL alert number 80\n\n    at TLSSocket.<anonymous> (C:\\Users\\yaruk\\OneDrive\\Desktop\\Nikhao Ru\\node_modules\\mongodb\\lib\\cmap\\connect.js:285:44)\n    at Object.onceWrapper (node:events:632:26)\n    at TLSSocket.emit (node:events:517:28)\n    at emitErrorNT (node:internal/streams/destroy:151:8)\n    at emitErrorCloseNT (node:internal/streams/destroy:116:3)\n    at process.processTicksAndRejections (node:internal/process/task_queues:82:21)\ncaused by: Error: 50530000:error:0A000438:SSL routines:ssl3_read_bytes:tlsv1 alert internal error:c:\\ws\\deps\\openssl\\openssl\\ssl\\record\\rec_layer_s3.c:1605:SSL alert number 80\n","reason":{"type":"ReplicaSetNoPrimary","servers":{"ac-r2x6sco-shard-00-02.o9qtau8.mongodb.net:27017":{"address":"ac-r2x6sco-shard-00-02.o9qtau8.mongodb.net:27017","type":"Unknown","hosts":[],"passives":[],"arbiters":[],"tags":{},"minWireVersion":0,"maxWireVersion":0,"roundTripTime":-1,"minRoundTripTime":0,"lastUpdateTime":346250266,"lastWriteDate":0,"error":{},"topologyVersion":null,"setName":null,"setVersion":null,"electionId":null,"logicalSessionTimeoutMinutes":null,"maxMessageSizeBytes":null,"maxWriteBatchSize":null,"maxBsonObjectSize":null,"primary":null,"me":null,"$clusterTime":null,"iscryptd":false},"ac-r2x6sco-shard-00-01.o9qtau8.mongodb.net:27017":{"address":"ac-r2x6sco-shard-00-01.o9qtau8.mongodb.net:27017","type":"Unknown","hosts":[],"passives":[],"arbiters":[],"tags":{},"minWireVersion":0,"maxWireVersion":0,"roundTripTime":-1,"minRoundTripTime":0,"lastUpdateTime":346250325,"lastWriteDate":0,"error":{},"topologyVersion":null,"setName":null,"setVersion":null,"electionId":null,"logicalSessionTimeoutMinutes":null,"maxMessageSizeBytes":null,"maxWriteBatchSize":null,"maxBsonObjectSize":null,"primary":null,"me":null,"$clusterTime":null,"iscryptd":false},"ac-r2x6sco-shard-00-00.o9qtau8.mongodb.net:27017":{"address":"ac-r2x6sco-shard-00-00.o9qtau8.mongodb.net:27017","type":"Unknown","hosts":[],"passives":[],"arbiters":[],"tags":{},"minWireVersion":0,"maxWireVersion":0,"roundTripTime":-1,"minRoundTripTime":0,"lastUpdateTime":346250331,"lastWriteDate":0,"error":{},"topologyVersion":null,"setName":null,"setVersion":null,"electionId":null,"logicalSessionTimeoutMinutes":null,"maxMessageSizeBytes":null,"maxWriteBatchSize":null,"maxBsonObjectSize":null,"primary":null,"me":null,"$clusterTime":null,"iscryptd":false}},"stale":false,"compatible":true,"heartbeatFrequencyMS":10000,"localThresholdMS":15,"setName":"atlas-ogh9ex-shard-0","maxElectionId":{"$oid":"7fffffff0000000000000086"},"maxSetVersion":16,"commonWireVersion":0,"logicalSessionTimeoutMinutes":null}},"msg":"messageRun: 50530000:error:0A000438:SSL routines:ssl3_read_bytes:tlsv1 alert internal error:c:\\ws\\deps\\openssl\\openssl\\ssl\\record\\rec_layer_s3.c:1605:SSL alert number 80\n"}
{"level":50,"time":1737557184418,"pid":19980,"hostname":"LAPTOP-PD0JMHRC","err":{"type":"DiscordAPIError","message":"Invalid Form Body\nmessage_reference[MESSAGE_REFERENCE_UNKNOWN_MESSAGE]: Unknown message","stack":"DiscordAPIError[50035]: Invalid Form Body\nmessage_reference[MESSAGE_REFERENCE_UNKNOWN_MESSAGE]: Unknown message\n    at handleErrors (C:\\Users\\yaruk\\OneDrive\\Desktop\\Nikhao Ru\\node_modules\\@discordjs\\rest\\dist\\index.js:727:13)\n    at process.processTicksAndRejections (node:internal/process/task_queues:95:5)\n    at async SequentialHandler.runRequest (C:\\Users\\yaruk\\OneDrive\\Desktop\\Nikhao Ru\\node_modules\\@discordjs\\rest\\dist\\index.js:1128:23)\n    at async SequentialHandler.queueRequest (C:\\Users\\yaruk\\OneDrive\\Desktop\\Nikhao Ru\\node_modules\\@discordjs\\rest\\dist\\index.js:959:14)\n    at async _REST.request (C:\\Users\\yaruk\\OneDrive\\Desktop\\Nikhao Ru\\node_modules\\@discordjs\\rest\\dist\\index.js:1272:22)\n    at async TextChannel.send (C:\\Users\\yaruk\\OneDrive\\Desktop\\Nikhao Ru\\node_modules\\discord.js\\src\\structures\\interfaces\\TextBasedChannel.js:182:15)\n    at async Message.safeReply (C:\\Users\\yaruk\\OneDrive\\Desktop\\Nikhao Ru\\src\\helpers\\extenders\\Message.js:19:26)","requestBody":{"files":[],"json":{"content":"An error occurred while running this command","tts":false,"enforce_nonce":false,"allowed_mentions":{"replied_user":false},"message_reference":{"message_id":"1331635967118802954","fail_if_not_exists":true}}},"rawError":{"type":"Object","message":"Invalid Form Body","stack":"","code":50035,"errors":{"message_reference":{"_errors":[{"code":"MESSAGE_REFERENCE_UNKNOWN_MESSAGE","message":"Unknown message"}]}}},"code":50035,"status":400,"method":"POST","url":"https://discord.com/api/v10/channels/1316135511370240061/messages"},"msg":"safeReply: Invalid Form Body\nmessage_reference[MESSAGE_REFERENCE_UNKNOWN_MESSAGE]: Unknown message"}
{"level":50,"time":1737574726943,"pid":19980,"hostname":"LAPTOP-PD0JMHRC","err":{"type":"MongoServerSelectionError","message":"50530000:error:0A000438:SSL routines:ssl3_read_bytes:tlsv1 alert internal error:c:\\ws\\deps\\openssl\\openssl\\ssl\\record\\rec_layer_s3.c:1605:SSL alert number 80\n: 50530000:error:0A000438:SSL routines:ssl3_read_bytes:tlsv1 alert internal error:c:\\ws\\deps\\openssl\\openssl\\ssl\\record\\rec_layer_s3.c:1605:SSL alert number 80\n: 50530000:error:0A000438:SSL routines:ssl3_read_bytes:tlsv1 alert internal error:c:\\ws\\deps\\openssl\\openssl\\ssl\\record\\rec_layer_s3.c:1605:SSL alert number 80\n","stack":"MongoServerSelectionError: 50530000:error:0A000438:SSL routines:ssl3_read_bytes:tlsv1 alert internal error:c:\\ws\\deps\\openssl\\openssl\\ssl\\record\\rec_layer_s3.c:1605:SSL alert number 80\n\n    at Topology.selectServer (C:\\Users\\yaruk\\OneDrive\\Desktop\\Nikhao Ru\\node_modules\\mongodb\\lib\\sdam\\topology.js:320:38)\n    at async tryOperation (C:\\Users\\yaruk\\OneDrive\\Desktop\\Nikhao Ru\\node_modules\\mongodb\\lib\\operations\\execute_operation.js:143:18)\n    at async executeOperation (C:\\Users\\yaruk\\OneDrive\\Desktop\\Nikhao Ru\\node_modules\\mongodb\\lib\\operations\\execute_operation.js:73:16)\n    at async FindCursor._initialize (C:\\Users\\yaruk\\OneDrive\\Desktop\\Nikhao Ru\\node_modules\\mongodb\\lib\\cursor\\find_cursor.js:60:26)\n    at async FindCursor.cursorInit (C:\\Users\\yaruk\\OneDrive\\Desktop\\Nikhao Ru\\node_modules\\mongodb\\lib\\cursor\\abstract_cursor.js:607:27)\n    at async FindCursor.fetchBatch (C:\\Users\\yaruk\\OneDrive\\Desktop\\Nikhao Ru\\node_modules\\mongodb\\lib\\cursor\\abstract_cursor.js:641:13)\n    at async FindCursor.next (C:\\Users\\yaruk\\OneDrive\\Desktop\\Nikhao Ru\\node_modules\\mongodb\\lib\\cursor\\abstract_cursor.js:323:17)\n    at async Collection.findOne (C:\\Users\\yaruk\\OneDrive\\Desktop\\Nikhao Ru\\node_modules\\mongodb\\lib\\collection.js:277:21)\n    at async model.Query._findOne (C:\\Users\\yaruk\\OneDrive\\Desktop\\Nikhao Ru\\node_modules\\mongoose\\lib\\query.js:2643:15)\n    at async model.Query.exec (C:\\Users\\yaruk\\OneDrive\\Desktop\\Nikhao Ru\\node_modules\\mongoose\\lib\\query.js:4438:63)\ncaused by: MongoNetworkError: 50530000:error:0A000438:SSL routines:ssl3_read_bytes:tlsv1 alert internal error:c:\\ws\\deps\\openssl\\openssl\\ssl\\record\\rec_layer_s3.c:1605:SSL alert number 80\n\n    at TLSSocket.<anonymous> (C:\\Users\\yaruk\\OneDrive\\Desktop\\Nikhao Ru\\node_modules\\mongodb\\lib\\cmap\\connect.js:285:44)\n    at Object.onceWrapper (node:events:632:26)\n    at TLSSocket.emit (node:events:517:28)\n    at emitErrorNT (node:internal/streams/destroy:151:8)\n    at emitErrorCloseNT (node:internal/streams/destroy:116:3)\n    at process.processTicksAndRejections (node:internal/process/task_queues:82:21)\ncaused by: Error: 50530000:error:0A000438:SSL routines:ssl3_read_bytes:tlsv1 alert internal error:c:\\ws\\deps\\openssl\\openssl\\ssl\\record\\rec_layer_s3.c:1605:SSL alert number 80\n","reason":{"type":"ReplicaSetNoPrimary","servers":{"ac-r2x6sco-shard-00-02.o9qtau8.mongodb.net:27017":{"address":"ac-r2x6sco-shard-00-02.o9qtau8.mongodb.net:27017","type":"Unknown","hosts":[],"passives":[],"arbiters":[],"tags":{},"minWireVersion":0,"maxWireVersion":0,"roundTripTime":-1,"minRoundTripTime":0,"lastUpdateTime":363794744,"lastWriteDate":0,"error":{},"topologyVersion":null,"setName":null,"setVersion":null,"electionId":null,"logicalSessionTimeoutMinutes":null,"maxMessageSizeBytes":null,"maxWriteBatchSize":null,"maxBsonObjectSize":null,"primary":null,"me":null,"$clusterTime":null,"iscryptd":false},"ac-r2x6sco-shard-00-01.o9qtau8.mongodb.net:27017":{"address":"ac-r2x6sco-shard-00-01.o9qtau8.mongodb.net:27017","type":"Unknown","hosts":[],"passives":[],"arbiters":[],"tags":{},"minWireVersion":0,"maxWireVersion":0,"roundTripTime":-1,"minRoundTripTime":0,"lastUpdateTime":363794645,"lastWriteDate":0,"error":{},"topologyVersion":null,"setName":null,"setVersion":null,"electionId":null,"logicalSessionTimeoutMinutes":null,"maxMessageSizeBytes":null,"maxWriteBatchSize":null,"maxBsonObjectSize":null,"primary":null,"me":null,"$clusterTime":null,"iscryptd":false},"ac-r2x6sco-shard-00-00.o9qtau8.mongodb.net:27017":{"address":"ac-r2x6sco-shard-00-00.o9qtau8.mongodb.net:27017","type":"Unknown","hosts":[],"passives":[],"arbiters":[],"tags":{},"minWireVersion":0,"maxWireVersion":0,"roundTripTime":-1,"minRoundTripTime":0,"lastUpdateTime":363794651,"lastWriteDate":0,"error":{},"topologyVersion":null,"setName":null,"setVersion":null,"electionId":null,"logicalSessionTimeoutMinutes":null,"maxMessageSizeBytes":null,"maxWriteBatchSize":null,"maxBsonObjectSize":null,"primary":null,"me":null,"$clusterTime":null,"iscryptd":false}},"stale":false,"compatible":true,"heartbeatFrequencyMS":10000,"localThresholdMS":15,"setName":"atlas-ogh9ex-shard-0","maxElectionId":{"$oid":"7fffffff0000000000000086"},"maxSetVersion":16,"commonWireVersion":0,"logicalSessionTimeoutMinutes":null}},"msg":"Unhandled exception: 50530000:error:0A000438:SSL routines:ssl3_read_bytes:tlsv1 alert internal error:c:\\ws\\deps\\openssl\\openssl\\ssl\\record\\rec_layer_s3.c:1605:SSL alert number 80\n"}
{"level":50,"time":1737574860546,"pid":19980,"hostname":"LAPTOP-PD0JMHRC","err":{"type":"MongoServerSelectionError","message":"50530000:error:0A000438:SSL routines:ssl3_read_bytes:tlsv1 alert internal error:c:\\ws\\deps\\openssl\\openssl\\ssl\\record\\rec_layer_s3.c:1605:SSL alert number 80\n: 50530000:error:0A000438:SSL routines:ssl3_read_bytes:tlsv1 alert internal error:c:\\ws\\deps\\openssl\\openssl\\ssl\\record\\rec_layer_s3.c:1605:SSL alert number 80\n: 50530000:error:0A000438:SSL routines:ssl3_read_bytes:tlsv1 alert internal error:c:\\ws\\deps\\openssl\\openssl\\ssl\\record\\rec_layer_s3.c:1605:SSL alert number 80\n","stack":"MongoServerSelectionError: 50530000:error:0A000438:SSL routines:ssl3_read_bytes:tlsv1 alert internal error:c:\\ws\\deps\\openssl\\openssl\\ssl\\record\\rec_layer_s3.c:1605:SSL alert number 80\n\n    at Topology.selectServer (C:\\Users\\yaruk\\OneDrive\\Desktop\\Nikhao Ru\\node_modules\\mongodb\\lib\\sdam\\topology.js:320:38)\n    at async tryOperation (C:\\Users\\yaruk\\OneDrive\\Desktop\\Nikhao Ru\\node_modules\\mongodb\\lib\\operations\\execute_operation.js:143:18)\n    at async executeOperation (C:\\Users\\yaruk\\OneDrive\\Desktop\\Nikhao Ru\\node_modules\\mongodb\\lib\\operations\\execute_operation.js:73:16)\n    at async FindCursor._initialize (C:\\Users\\yaruk\\OneDrive\\Desktop\\Nikhao Ru\\node_modules\\mongodb\\lib\\cursor\\find_cursor.js:60:26)\n    at async FindCursor.cursorInit (C:\\Users\\yaruk\\OneDrive\\Desktop\\Nikhao Ru\\node_modules\\mongodb\\lib\\cursor\\abstract_cursor.js:607:27)\n    at async FindCursor.fetchBatch (C:\\Users\\yaruk\\OneDrive\\Desktop\\Nikhao Ru\\node_modules\\mongodb\\lib\\cursor\\abstract_cursor.js:641:13)\n    at async FindCursor.next (C:\\Users\\yaruk\\OneDrive\\Desktop\\Nikhao Ru\\node_modules\\mongodb\\lib\\cursor\\abstract_cursor.js:323:17)\n    at async Collection.findOne (C:\\Users\\yaruk\\OneDrive\\Desktop\\Nikhao Ru\\node_modules\\mongodb\\lib\\collection.js:277:21)\n    at async model.Query._findOne (C:\\Users\\yaruk\\OneDrive\\Desktop\\Nikhao Ru\\node_modules\\mongoose\\lib\\query.js:2643:15)\n    at async model.Query.exec (C:\\Users\\yaruk\\OneDrive\\Desktop\\Nikhao Ru\\node_modules\\mongoose\\lib\\query.js:4438:63)\ncaused by: MongoNetworkError: 50530000:error:0A000438:SSL routines:ssl3_read_bytes:tlsv1 alert internal error:c:\\ws\\deps\\openssl\\openssl\\ssl\\record\\rec_layer_s3.c:1605:SSL alert number 80\n\n    at TLSSocket.<anonymous> (C:\\Users\\yaruk\\OneDrive\\Desktop\\Nikhao Ru\\node_modules\\mongodb\\lib\\cmap\\connect.js:285:44)\n    at Object.onceWrapper (node:events:632:26)\n    at TLSSocket.emit (node:events:517:28)\n    at emitErrorNT (node:internal/streams/destroy:151:8)\n    at emitErrorCloseNT (node:internal/streams/destroy:116:3)\n    at process.processTicksAndRejections (node:internal/process/task_queues:82:21)\ncaused by: Error: 50530000:error:0A000438:SSL routines:ssl3_read_bytes:tlsv1 alert internal error:c:\\ws\\deps\\openssl\\openssl\\ssl\\record\\rec_layer_s3.c:1605:SSL alert number 80\n","reason":{"type":"ReplicaSetNoPrimary","servers":{"ac-r2x6sco-shard-00-02.o9qtau8.mongodb.net:27017":{"address":"ac-r2x6sco-shard-00-02.o9qtau8.mongodb.net:27017","type":"Unknown","hosts":[],"passives":[],"arbiters":[],"tags":{},"minWireVersion":0,"maxWireVersion":0,"roundTripTime":-1,"minRoundTripTime":0,"lastUpdateTime":363928863,"lastWriteDate":0,"error":{},"topologyVersion":null,"setName":null,"setVersion":null,"electionId":null,"logicalSessionTimeoutMinutes":null,"maxMessageSizeBytes":null,"maxWriteBatchSize":null,"maxBsonObjectSize":null,"primary":null,"me":null,"$clusterTime":null,"iscryptd":false},"ac-r2x6sco-shard-00-01.o9qtau8.mongodb.net:27017":{"address":"ac-r2x6sco-shard-00-01.o9qtau8.mongodb.net:27017","type":"Unknown","hosts":[],"passives":[],"arbiters":[],"tags":{},"minWireVersion":0,"maxWireVersion":0,"roundTripTime":-1,"minRoundTripTime":0,"lastUpdateTime":363928747,"lastWriteDate":0,"error":{},"topologyVersion":null,"setName":null,"setVersion":null,"electionId":null,"logicalSessionTimeoutMinutes":null,"maxMessageSizeBytes":null,"maxWriteBatchSize":null,"maxBsonObjectSize":null,"primary":null,"me":null,"$clusterTime":null,"iscryptd":false},"ac-r2x6sco-shard-00-00.o9qtau8.mongodb.net:27017":{"address":"ac-r2x6sco-shard-00-00.o9qtau8.mongodb.net:27017","type":"Unknown","hosts":[],"passives":[],"arbiters":[],"tags":{},"minWireVersion":0,"maxWireVersion":0,"roundTripTime":-1,"minRoundTripTime":0,"lastUpdateTime":363928870,"lastWriteDate":0,"error":{},"topologyVersion":null,"setName":null,"setVersion":null,"electionId":null,"logicalSessionTimeoutMinutes":null,"maxMessageSizeBytes":null,"maxWriteBatchSize":null,"maxBsonObjectSize":null,"primary":null,"me":null,"$clusterTime":null,"iscryptd":false}},"stale":false,"compatible":true,"heartbeatFrequencyMS":10000,"localThresholdMS":15,"setName":"atlas-ogh9ex-shard-0","maxElectionId":{"$oid":"7fffffff0000000000000086"},"maxSetVersion":16,"commonWireVersion":0,"logicalSessionTimeoutMinutes":null}},"msg":"Unhandled exception: 50530000:error:0A000438:SSL routines:ssl3_read_bytes:tlsv1 alert internal error:c:\\ws\\deps\\openssl\\openssl\\ssl\\record\\rec_layer_s3.c:1605:SSL alert number 80\n"}
{"level":50,"time":1737574906978,"pid":19980,"hostname":"LAPTOP-PD0JMHRC","err":{"type":"MongoServerSelectionError","message":"50530000:error:0A000438:SSL routines:ssl3_read_bytes:tlsv1 alert internal error:c:\\ws\\deps\\openssl\\openssl\\ssl\\record\\rec_layer_s3.c:1605:SSL alert number 80\n: 50530000:error:0A000438:SSL routines:ssl3_read_bytes:tlsv1 alert internal error:c:\\ws\\deps\\openssl\\openssl\\ssl\\record\\rec_layer_s3.c:1605:SSL alert number 80\n: 50530000:error:0A000438:SSL routines:ssl3_read_bytes:tlsv1 alert internal error:c:\\ws\\deps\\openssl\\openssl\\ssl\\record\\rec_layer_s3.c:1605:SSL alert number 80\n","stack":"MongoServerSelectionError: 50530000:error:0A000438:SSL routines:ssl3_read_bytes:tlsv1 alert internal error:c:\\ws\\deps\\openssl\\openssl\\ssl\\record\\rec_layer_s3.c:1605:SSL alert number 80\n\n    at Topology.selectServer (C:\\Users\\yaruk\\OneDrive\\Desktop\\Nikhao Ru\\node_modules\\mongodb\\lib\\sdam\\topology.js:320:38)\n    at async tryOperation (C:\\Users\\yaruk\\OneDrive\\Desktop\\Nikhao Ru\\node_modules\\mongodb\\lib\\operations\\execute_operation.js:143:18)\n    at async executeOperation (C:\\Users\\yaruk\\OneDrive\\Desktop\\Nikhao Ru\\node_modules\\mongodb\\lib\\operations\\execute_operation.js:73:16)\n    at async FindCursor._initialize (C:\\Users\\yaruk\\OneDrive\\Desktop\\Nikhao Ru\\node_modules\\mongodb\\lib\\cursor\\find_cursor.js:60:26)\n    at async FindCursor.cursorInit (C:\\Users\\yaruk\\OneDrive\\Desktop\\Nikhao Ru\\node_modules\\mongodb\\lib\\cursor\\abstract_cursor.js:607:27)\n    at async FindCursor.fetchBatch (C:\\Users\\yaruk\\OneDrive\\Desktop\\Nikhao Ru\\node_modules\\mongodb\\lib\\cursor\\abstract_cursor.js:641:13)\n    at async FindCursor.next (C:\\Users\\yaruk\\OneDrive\\Desktop\\Nikhao Ru\\node_modules\\mongodb\\lib\\cursor\\abstract_cursor.js:323:17)\n    at async Collection.findOne (C:\\Users\\yaruk\\OneDrive\\Desktop\\Nikhao Ru\\node_modules\\mongodb\\lib\\collection.js:277:21)\n    at async model.Query._findOne (C:\\Users\\yaruk\\OneDrive\\Desktop\\Nikhao Ru\\node_modules\\mongoose\\lib\\query.js:2643:15)\n    at async model.Query.exec (C:\\Users\\yaruk\\OneDrive\\Desktop\\Nikhao Ru\\node_modules\\mongoose\\lib\\query.js:4438:63)\ncaused by: MongoNetworkError: 50530000:error:0A000438:SSL routines:ssl3_read_bytes:tlsv1 alert internal error:c:\\ws\\deps\\openssl\\openssl\\ssl\\record\\rec_layer_s3.c:1605:SSL alert number 80\n\n    at TLSSocket.<anonymous> (C:\\Users\\yaruk\\OneDrive\\Desktop\\Nikhao Ru\\node_modules\\mongodb\\lib\\cmap\\connect.js:285:44)\n    at Object.onceWrapper (node:events:632:26)\n    at TLSSocket.emit (node:events:517:28)\n    at emitErrorNT (node:internal/streams/destroy:151:8)\n    at emitErrorCloseNT (node:internal/streams/destroy:116:3)\n    at process.processTicksAndRejections (node:internal/process/task_queues:82:21)\ncaused by: Error: 50530000:error:0A000438:SSL routines:ssl3_read_bytes:tlsv1 alert internal error:c:\\ws\\deps\\openssl\\openssl\\ssl\\record\\rec_layer_s3.c:1605:SSL alert number 80\n","reason":{"type":"ReplicaSetNoPrimary","servers":{"ac-r2x6sco-shard-00-02.o9qtau8.mongodb.net:27017":{"address":"ac-r2x6sco-shard-00-02.o9qtau8.mongodb.net:27017","type":"Unknown","hosts":[],"passives":[],"arbiters":[],"tags":{},"minWireVersion":0,"maxWireVersion":0,"roundTripTime":-1,"minRoundTripTime":0,"lastUpdateTime":363975080,"lastWriteDate":0,"error":{},"topologyVersion":null,"setName":null,"setVersion":null,"electionId":null,"logicalSessionTimeoutMinutes":null,"maxMessageSizeBytes":null,"maxWriteBatchSize":null,"maxBsonObjectSize":null,"primary":null,"me":null,"$clusterTime":null,"iscryptd":false},"ac-r2x6sco-shard-00-01.o9qtau8.mongodb.net:27017":{"address":"ac-r2x6sco-shard-00-01.o9qtau8.mongodb.net:27017","type":"Unknown","hosts":[],"passives":[],"arbiters":[],"tags":{},"minWireVersion":0,"maxWireVersion":0,"roundTripTime":-1,"minRoundTripTime":0,"lastUpdateTime":363975087,"lastWriteDate":0,"error":{},"topologyVersion":null,"setName":null,"setVersion":null,"electionId":null,"logicalSessionTimeoutMinutes":null,"maxMessageSizeBytes":null,"maxWriteBatchSize":null,"maxBsonObjectSize":null,"primary":null,"me":null,"$clusterTime":null,"iscryptd":false},"ac-r2x6sco-shard-00-00.o9qtau8.mongodb.net:27017":{"address":"ac-r2x6sco-shard-00-00.o9qtau8.mongodb.net:27017","type":"Unknown","hosts":[],"passives":[],"arbiters":[],"tags":{},"minWireVersion":0,"maxWireVersion":0,"roundTripTime":-1,"minRoundTripTime":0,"lastUpdateTime":363974897,"lastWriteDate":0,"error":{},"topologyVersion":null,"setName":null,"setVersion":null,"electionId":null,"logicalSessionTimeoutMinutes":null,"maxMessageSizeBytes":null,"maxWriteBatchSize":null,"maxBsonObjectSize":null,"primary":null,"me":null,"$clusterTime":null,"iscryptd":false}},"stale":false,"compatible":true,"heartbeatFrequencyMS":10000,"localThresholdMS":15,"setName":"atlas-ogh9ex-shard-0","maxElectionId":{"$oid":"7fffffff0000000000000086"},"maxSetVersion":16,"commonWireVersion":0,"logicalSessionTimeoutMinutes":null}},"msg":"Unhandled exception: 50530000:error:0A000438:SSL routines:ssl3_read_bytes:tlsv1 alert internal error:c:\\ws\\deps\\openssl\\openssl\\ssl\\record\\rec_layer_s3.c:1605:SSL alert number 80\n"}
{"level":50,"time":1737576749861,"pid":19980,"hostname":"LAPTOP-PD0JMHRC","err":{"type":"MongoServerSelectionError","message":"50530000:error:0A000438:SSL routines:ssl3_read_bytes:tlsv1 alert internal error:c:\\ws\\deps\\openssl\\openssl\\ssl\\record\\rec_layer_s3.c:1605:SSL alert number 80\n: 50530000:error:0A000438:SSL routines:ssl3_read_bytes:tlsv1 alert internal error:c:\\ws\\deps\\openssl\\openssl\\ssl\\record\\rec_layer_s3.c:1605:SSL alert number 80\n: 50530000:error:0A000438:SSL routines:ssl3_read_bytes:tlsv1 alert internal error:c:\\ws\\deps\\openssl\\openssl\\ssl\\record\\rec_layer_s3.c:1605:SSL alert number 80\n","stack":"MongoServerSelectionError: 50530000:error:0A000438:SSL routines:ssl3_read_bytes:tlsv1 alert internal error:c:\\ws\\deps\\openssl\\openssl\\ssl\\record\\rec_layer_s3.c:1605:SSL alert number 80\n\n    at Topology.selectServer (C:\\Users\\yaruk\\OneDrive\\Desktop\\Nikhao Ru\\node_modules\\mongodb\\lib\\sdam\\topology.js:320:38)\n    at async tryOperation (C:\\Users\\yaruk\\OneDrive\\Desktop\\Nikhao Ru\\node_modules\\mongodb\\lib\\operations\\execute_operation.js:143:18)\n    at async executeOperation (C:\\Users\\yaruk\\OneDrive\\Desktop\\Nikhao Ru\\node_modules\\mongodb\\lib\\operations\\execute_operation.js:73:16)\n    at async FindCursor._initialize (C:\\Users\\yaruk\\OneDrive\\Desktop\\Nikhao Ru\\node_modules\\mongodb\\lib\\cursor\\find_cursor.js:60:26)\n    at async FindCursor.cursorInit (C:\\Users\\yaruk\\OneDrive\\Desktop\\Nikhao Ru\\node_modules\\mongodb\\lib\\cursor\\abstract_cursor.js:607:27)\n    at async FindCursor.fetchBatch (C:\\Users\\yaruk\\OneDrive\\Desktop\\Nikhao Ru\\node_modules\\mongodb\\lib\\cursor\\abstract_cursor.js:641:13)\n    at async FindCursor.next (C:\\Users\\yaruk\\OneDrive\\Desktop\\Nikhao Ru\\node_modules\\mongodb\\lib\\cursor\\abstract_cursor.js:323:17)\n    at async Collection.findOne (C:\\Users\\yaruk\\OneDrive\\Desktop\\Nikhao Ru\\node_modules\\mongodb\\lib\\collection.js:277:21)\n    at async model.Query._findOne (C:\\Users\\yaruk\\OneDrive\\Desktop\\Nikhao Ru\\node_modules\\mongoose\\lib\\query.js:2643:15)\n    at async model.Query.exec (C:\\Users\\yaruk\\OneDrive\\Desktop\\Nikhao Ru\\node_modules\\mongoose\\lib\\query.js:4438:63)\ncaused by: MongoNetworkError: 50530000:error:0A000438:SSL routines:ssl3_read_bytes:tlsv1 alert internal error:c:\\ws\\deps\\openssl\\openssl\\ssl\\record\\rec_layer_s3.c:1605:SSL alert number 80\n\n    at TLSSocket.<anonymous> (C:\\Users\\yaruk\\OneDrive\\Desktop\\Nikhao Ru\\node_modules\\mongodb\\lib\\cmap\\connect.js:285:44)\n    at Object.onceWrapper (node:events:632:26)\n    at TLSSocket.emit (node:events:517:28)\n    at emitErrorNT (node:internal/streams/destroy:151:8)\n    at emitErrorCloseNT (node:internal/streams/destroy:116:3)\n    at process.processTicksAndRejections (node:internal/process/task_queues:82:21)\ncaused by: Error: 50530000:error:0A000438:SSL routines:ssl3_read_bytes:tlsv1 alert internal error:c:\\ws\\deps\\openssl\\openssl\\ssl\\record\\rec_layer_s3.c:1605:SSL alert number 80\n","reason":{"type":"ReplicaSetNoPrimary","servers":{"ac-r2x6sco-shard-00-02.o9qtau8.mongodb.net:27017":{"address":"ac-r2x6sco-shard-00-02.o9qtau8.mongodb.net:27017","type":"Unknown","hosts":[],"passives":[],"arbiters":[],"tags":{},"minWireVersion":0,"maxWireVersion":0,"roundTripTime":-1,"minRoundTripTime":0,"lastUpdateTime":365817919,"lastWriteDate":0,"error":{},"topologyVersion":null,"setName":null,"setVersion":null,"electionId":null,"logicalSessionTimeoutMinutes":null,"maxMessageSizeBytes":null,"maxWriteBatchSize":null,"maxBsonObjectSize":null,"primary":null,"me":null,"$clusterTime":null,"iscryptd":false},"ac-r2x6sco-shard-00-01.o9qtau8.mongodb.net:27017":{"address":"ac-r2x6sco-shard-00-01.o9qtau8.mongodb.net:27017","type":"Unknown","hosts":[],"passives":[],"arbiters":[],"tags":{},"minWireVersion":0,"maxWireVersion":0,"roundTripTime":-1,"minRoundTripTime":0,"lastUpdateTime":365817941,"lastWriteDate":0,"error":{},"topologyVersion":null,"setName":null,"setVersion":null,"electionId":null,"logicalSessionTimeoutMinutes":null,"maxMessageSizeBytes":null,"maxWriteBatchSize":null,"maxBsonObjectSize":null,"primary":null,"me":null,"$clusterTime":null,"iscryptd":false},"ac-r2x6sco-shard-00-00.o9qtau8.mongodb.net:27017":{"address":"ac-r2x6sco-shard-00-00.o9qtau8.mongodb.net:27017","type":"Unknown","hosts":[],"passives":[],"arbiters":[],"tags":{},"minWireVersion":0,"maxWireVersion":0,"roundTripTime":-1,"minRoundTripTime":0,"lastUpdateTime":365817997,"lastWriteDate":0,"error":{},"topologyVersion":null,"setName":null,"setVersion":null,"electionId":null,"logicalSessionTimeoutMinutes":null,"maxMessageSizeBytes":null,"maxWriteBatchSize":null,"maxBsonObjectSize":null,"primary":null,"me":null,"$clusterTime":null,"iscryptd":false}},"stale":false,"compatible":true,"heartbeatFrequencyMS":10000,"localThresholdMS":15,"setName":"atlas-ogh9ex-shard-0","maxElectionId":{"$oid":"7fffffff0000000000000086"},"maxSetVersion":16,"commonWireVersion":0,"logicalSessionTimeoutMinutes":null}},"msg":"Unhandled exception: 50530000:error:0A000438:SSL routines:ssl3_read_bytes:tlsv1 alert internal error:c:\\ws\\deps\\openssl\\openssl\\ssl\\record\\rec_layer_s3.c:1605:SSL alert number 80\n"}
