{"level":30,"time":1736460375297,"pid":21136,"hostname":"LAPTOP-PD0JMHRC","msg":"Validating config file and environment variables"}
{"level":40,"time":1736460375298,"pid":21136,"hostname":"LAPTOP-PD0JMHRC","msg":"env: SPOTIFY_CLIENT_ID or SPOTIFY_CLIENT_SECRET are missing. Spotify music links won't work"}
{"level":40,"time":1736460375298,"pid":21136,"hostname":"LAPTOP-PD0JMHRC","msg":"config.js: SUPPORT_SERVER is not provided"}
{"level":40,"time":1736460375298,"pid":21136,"hostname":"LAPTOP-PD0JMHRC","msg":"env: WEATHERSTACK_KEY is missing. Weather command won't work"}
{"level":40,"time":1736460375299,"pid":21136,"hostname":"LAPTOP-PD0JMHRC","msg":"env: STRANGE_API_KEY is missing. Image commands won't work"}
{"level":30,"time":1736460375423,"pid":21136,"hostname":"LAPTOP-PD0JMHRC","msg":"Loading commands..."}
{"level":20,"time":1736460375585,"pid":21136,"hostname":"LAPTOP-PD0JMHRC","msg":"Skipping slash command avatar. Disabled!"}
{"level":20,"time":1736460375587,"pid":21136,"hostname":"LAPTOP-PD0JMHRC","msg":"Skipping slash command botinvite. Disabled!"}
{"level":20,"time":1736460375590,"pid":21136,"hostname":"LAPTOP-PD0JMHRC","msg":"Skipping slash command botstats. Disabled!"}
{"level":20,"time":1736460375595,"pid":21136,"hostname":"LAPTOP-PD0JMHRC","msg":"Skipping slash command channelinfo. Disabled!"}
{"level":20,"time":1736460375597,"pid":21136,"hostname":"LAPTOP-PD0JMHRC","msg":"Skipping slash command emojiinfo. Disabled!"}
{"level":20,"time":1736460375611,"pid":21136,"hostname":"LAPTOP-PD0JMHRC","msg":"Skipping slash command guildinfo. Disabled!"}
{"level":20,"time":1736460375612,"pid":21136,"hostname":"LAPTOP-PD0JMHRC","msg":"Skipping slash command uptime. Disabled!"}
{"level":20,"time":1736460375615,"pid":21136,"hostname":"LAPTOP-PD0JMHRC","msg":"Skipping slash command userinfo. Disabled!"}
{"level":20,"time":1736460375619,"pid":21136,"hostname":"LAPTOP-PD0JMHRC","msg":"Skipping command bot. Disabled!"}
{"level":20,"time":1736460375622,"pid":21136,"hostname":"LAPTOP-PD0JMHRC","msg":"Skipping command info. Disabled!"}
{"level":50,"time":1736460375630,"pid":21136,"hostname":"LAPTOP-PD0JMHRC","msg":"Failed to load C:\\Users\\yaruk\\OneDrive\\Desktop\\Nikhao En\\src\\commands\\moderation\\Lasthope.js Reason: Command name must be a lowercase string."}
{"level":20,"time":1736460375654,"pid":21136,"hostname":"LAPTOP-PD0JMHRC","msg":"Skipping slash command deafen. Disabled!"}
{"level":20,"time":1736460375657,"pid":21136,"hostname":"LAPTOP-PD0JMHRC","msg":"Skipping slash command disconnect. Disabled!"}
{"level":20,"time":1736460375660,"pid":21136,"hostname":"LAPTOP-PD0JMHRC","msg":"Skipping slash command move. Disabled!"}
{"level":20,"time":1736460375661,"pid":21136,"hostname":"LAPTOP-PD0JMHRC","msg":"Skipping slash command purge. Disabled!"}
{"level":20,"time":1736460375662,"pid":21136,"hostname":"LAPTOP-PD0JMHRC","msg":"Skipping slash command purgeattach. Disabled!"}
{"level":20,"time":1736460375663,"pid":21136,"hostname":"LAPTOP-PD0JMHRC","msg":"Skipping slash command purgebots. Disabled!"}
{"level":20,"time":1736460375668,"pid":21136,"hostname":"LAPTOP-PD0JMHRC","msg":"Skipping slash command purgelinks. Disabled!"}
{"level":20,"time":1736460375669,"pid":21136,"hostname":"LAPTOP-PD0JMHRC","msg":"Skipping slash command purgetoken. Disabled!"}
{"level":20,"time":1736460375671,"pid":21136,"hostname":"LAPTOP-PD0JMHRC","msg":"Skipping slash command purgeuser. Disabled!"}
{"level":20,"time":1736460375673,"pid":21136,"hostname":"LAPTOP-PD0JMHRC","msg":"Skipping slash command undeafen. Disabled!"}
{"level":20,"time":1736460375676,"pid":21136,"hostname":"LAPTOP-PD0JMHRC","msg":"Skipping slash command vmute. Disabled!"}
{"level":20,"time":1736460375679,"pid":21136,"hostname":"LAPTOP-PD0JMHRC","msg":"Skipping slash command vunmute. Disabled!"}
{"level":20,"time":1736460375685,"pid":21136,"hostname":"LAPTOP-PD0JMHRC","msg":"Skipping command purge. Disabled!"}
{"level":20,"time":1736460375691,"pid":21136,"hostname":"LAPTOP-PD0JMHRC","msg":"Skipping command voice. Disabled!"}
{"level":30,"time":1736460375743,"pid":21136,"hostname":"LAPTOP-PD0JMHRC","msg":"Loaded 60 commands"}
{"level":30,"time":1736460375743,"pid":21136,"hostname":"LAPTOP-PD0JMHRC","msg":"Loaded 44 slash commands"}
{"level":30,"time":1736460375743,"pid":21136,"hostname":"LAPTOP-PD0JMHRC","msg":"Loading contexts..."}
{"level":30,"time":1736460375745,"pid":21136,"hostname":"LAPTOP-PD0JMHRC","msg":"Loaded 1 USER contexts"}
{"level":30,"time":1736460375745,"pid":21136,"hostname":"LAPTOP-PD0JMHRC","msg":"Loaded 0 MESSAGE contexts"}
{"level":30,"time":1736460375745,"pid":21136,"hostname":"LAPTOP-PD0JMHRC","msg":"Loading events..."}
{"level":30,"time":1736460375797,"pid":21136,"hostname":"LAPTOP-PD0JMHRC","msg":"Loaded 15 events. Success (15) Failed (0)"}
{"level":20,"time":1736460375800,"pid":21136,"hostname":"LAPTOP-PD0JMHRC","msg":"Url:  "}
{"level":50,"time":1736460375800,"pid":21136,"hostname":"LAPTOP-PD0JMHRC","err":{"type":"TypeError","message":"Only absolute URLs are supported","stack":"TypeError: Only absolute URLs are supported\n    at getNodeRequestOptions (C:\\Users\\yaruk\\OneDrive\\Desktop\\Nikhao En\\node_modules\\node-fetch\\lib\\index.js:1327:9)\n    at C:\\Users\\yaruk\\OneDrive\\Desktop\\Nikhao En\\node_modules\\node-fetch\\lib\\index.js:1450:19\n    at new Promise (<anonymous>)\n    at fetch (C:\\Users\\yaruk\\OneDrive\\Desktop\\Nikhao En\\node_modules\\node-fetch\\lib\\index.js:1447:9)\n    at getJson (C:\\Users\\yaruk\\OneDrive\\Desktop\\Nikhao En\\src\\helpers\\HttpUtils.js:16:68)\n    at checkForUpdates (C:\\Users\\yaruk\\OneDrive\\Desktop\\Nikhao En\\src\\helpers\\BotUtils.js:9:28)\n    at C:\\Users\\yaruk\\OneDrive\\Desktop\\Nikhao En\\bot.js:27:9\n    at Object.<anonymous> (C:\\Users\\yaruk\\OneDrive\\Desktop\\Nikhao En\\bot.js:47:3)\n    at Module._compile (node:internal/modules/cjs/loader:1565:14)\n    at Object..js (node:internal/modules/cjs/loader:1708:10)"},"msg":"getJson: Only absolute URLs are supported"}
{"level":50,"time":1736460375802,"pid":21136,"hostname":"LAPTOP-PD0JMHRC","msg":"VersionCheck: Failed to check for bot updates"}
{"level":30,"time":1736460375803,"pid":21136,"hostname":"LAPTOP-PD0JMHRC","msg":"Connecting to MongoDb..."}
{"level":30,"time":1736460376908,"pid":21136,"hostname":"LAPTOP-PD0JMHRC","msg":"Mongoose: Database connection established"}
{"level":30,"time":1736460378245,"pid":21136,"hostname":"LAPTOP-PD0JMHRC","msg":"Logged in as Helper bot#0717! (966762615441330206)"}
{"level":20,"time":1736460378246,"pid":21136,"hostname":"LAPTOP-PD0JMHRC","msg":"Node \"Local Node\" debug: connection: creating websocket..."}
{"level":30,"time":1736460378247,"pid":21136,"hostname":"LAPTOP-PD0JMHRC","msg":"Music Manager initialized"}
{"level":30,"time":1736460378247,"pid":21136,"hostname":"LAPTOP-PD0JMHRC","msg":"Initializing giveaways manager..."}
{"level":50,"time":1736460378259,"pid":21136,"hostname":"LAPTOP-PD0JMHRC","err":{"type":"Error","message":"Error: connect ECONNREFUSED ::1:2333","stack":"Error: Error: connect ECONNREFUSED ::1:2333\n    at Connection._onerror (C:\\Users\\yaruk\\OneDrive\\Desktop\\Nikhao En\\node_modules\\lavaclient\\dist\\lib\\node\\Connection.js:145:33)\n    at callListener (C:\\Users\\yaruk\\OneDrive\\Desktop\\Nikhao En\\node_modules\\ws\\lib\\event-target.js:290:14)\n    at WebSocket.onError (C:\\Users\\yaruk\\OneDrive\\Desktop\\Nikhao En\\node_modules\\ws\\lib\\event-target.js:230:9)\n    at WebSocket.emit (node:events:524:28)\n    at emitErrorAndClose (C:\\Users\\yaruk\\OneDrive\\Desktop\\Nikhao En\\node_modules\\ws\\lib\\websocket.js:1041:13)\n    at ClientRequest.<anonymous> (C:\\Users\\yaruk\\OneDrive\\Desktop\\Nikhao En\\node_modules\\ws\\lib\\websocket.js:881:5)\n    at ClientRequest.emit (node:events:524:28)\n    at emitErrorEvent (node:_http_client:104:11)\n    at Socket.socketErrorListener (node:_http_client:512:5)\n    at Socket.emit (node:events:524:28)"},"msg":"Node \"Local Node\" encountered an error: Error: connect ECONNREFUSED ::1:2333.: Error: connect ECONNREFUSED ::1:2333"}
{"level":30,"time":1736460378260,"pid":21136,"hostname":"LAPTOP-PD0JMHRC","msg":"Node \"Local Node\" disconnected"}
{"level":20,"time":1736460378260,"pid":21136,"hostname":"LAPTOP-PD0JMHRC","msg":"Node \"Local Node\" debug: connection: unable to reconnect"}
{"level":30,"time":1736460378361,"pid":21136,"hostname":"LAPTOP-PD0JMHRC","msg":"Giveaway Manager initialized"}
{"level":30,"time":1736460378777,"pid":21136,"hostname":"LAPTOP-PD0JMHRC","msg":"Successfully registered interactions"}
{"level":50,"time":1736460383501,"pid":21136,"hostname":"LAPTOP-PD0JMHRC","err":{"type":"ReferenceError","message":"getHelpMenu is not defined","stack":"ReferenceError: getHelpMenu is not defined\n    at Object.messageRun (C:\\Users\\yaruk\\OneDrive\\Desktop\\Nikhao En\\src\\commands\\utility\\help.js:47:24)\n    at Object.handlePrefixCommand (C:\\Users\\yaruk\\OneDrive\\Desktop\\Nikhao En\\src\\handlers\\command.js:70:17)\n    at module.exports (C:\\Users\\yaruk\\OneDrive\\Desktop\\Nikhao En\\src\\events\\message\\messageCreate.js:26:24)\n    at process.processTicksAndRejections (node:internal/process/task_queues:105:5)"},"msg":"messageRun: getHelpMenu is not defined"}
{"level":30,"time":1736460649245,"pid":25196,"hostname":"LAPTOP-PD0JMHRC","msg":"Validating config file and environment variables"}
{"level":40,"time":1736460649246,"pid":25196,"hostname":"LAPTOP-PD0JMHRC","msg":"env: SPOTIFY_CLIENT_ID or SPOTIFY_CLIENT_SECRET are missing. Spotify music links won't work"}
{"level":40,"time":1736460649246,"pid":25196,"hostname":"LAPTOP-PD0JMHRC","msg":"config.js: SUPPORT_SERVER is not provided"}
{"level":40,"time":1736460649246,"pid":25196,"hostname":"LAPTOP-PD0JMHRC","msg":"env: WEATHERSTACK_KEY is missing. Weather command won't work"}
{"level":40,"time":1736460649246,"pid":25196,"hostname":"LAPTOP-PD0JMHRC","msg":"env: STRANGE_API_KEY is missing. Image commands won't work"}
{"level":30,"time":1736460649325,"pid":25196,"hostname":"LAPTOP-PD0JMHRC","msg":"Loading commands..."}
{"level":20,"time":1736460649449,"pid":25196,"hostname":"LAPTOP-PD0JMHRC","msg":"Skipping slash command avatar. Disabled!"}
{"level":20,"time":1736460649453,"pid":25196,"hostname":"LAPTOP-PD0JMHRC","msg":"Skipping slash command botinvite. Disabled!"}
{"level":20,"time":1736460649456,"pid":25196,"hostname":"LAPTOP-PD0JMHRC","msg":"Skipping slash command botstats. Disabled!"}
{"level":20,"time":1736460649462,"pid":25196,"hostname":"LAPTOP-PD0JMHRC","msg":"Skipping slash command channelinfo. Disabled!"}
{"level":20,"time":1736460649466,"pid":25196,"hostname":"LAPTOP-PD0JMHRC","msg":"Skipping slash command emojiinfo. Disabled!"}
{"level":20,"time":1736460649488,"pid":25196,"hostname":"LAPTOP-PD0JMHRC","msg":"Skipping slash command guildinfo. Disabled!"}
{"level":20,"time":1736460649491,"pid":25196,"hostname":"LAPTOP-PD0JMHRC","msg":"Skipping slash command uptime. Disabled!"}
{"level":20,"time":1736460649497,"pid":25196,"hostname":"LAPTOP-PD0JMHRC","msg":"Skipping slash command userinfo. Disabled!"}
{"level":20,"time":1736460649503,"pid":25196,"hostname":"LAPTOP-PD0JMHRC","msg":"Skipping command bot. Disabled!"}
{"level":20,"time":1736460649508,"pid":25196,"hostname":"LAPTOP-PD0JMHRC","msg":"Skipping command info. Disabled!"}
{"level":50,"time":1736460649517,"pid":25196,"hostname":"LAPTOP-PD0JMHRC","msg":"Failed to load C:\\Users\\yaruk\\OneDrive\\Desktop\\Nikhao En\\src\\commands\\moderation\\Lasthope.js Reason: Command name must be a lowercase string."}
{"level":20,"time":1736460649526,"pid":25196,"hostname":"LAPTOP-PD0JMHRC","msg":"Skipping slash command deafen. Disabled!"}
{"level":20,"time":1736460649529,"pid":25196,"hostname":"LAPTOP-PD0JMHRC","msg":"Skipping slash command disconnect. Disabled!"}
{"level":20,"time":1736460649532,"pid":25196,"hostname":"LAPTOP-PD0JMHRC","msg":"Skipping slash command move. Disabled!"}
{"level":20,"time":1736460649537,"pid":25196,"hostname":"LAPTOP-PD0JMHRC","msg":"Skipping slash command purge. Disabled!"}
{"level":20,"time":1736460649539,"pid":25196,"hostname":"LAPTOP-PD0JMHRC","msg":"Skipping slash command purgeattach. Disabled!"}
{"level":20,"time":1736460649541,"pid":25196,"hostname":"LAPTOP-PD0JMHRC","msg":"Skipping slash command purgebots. Disabled!"}
{"level":20,"time":1736460649544,"pid":25196,"hostname":"LAPTOP-PD0JMHRC","msg":"Skipping slash command purgelinks. Disabled!"}
{"level":20,"time":1736460649546,"pid":25196,"hostname":"LAPTOP-PD0JMHRC","msg":"Skipping slash command purgetoken. Disabled!"}
{"level":20,"time":1736460649548,"pid":25196,"hostname":"LAPTOP-PD0JMHRC","msg":"Skipping slash command purgeuser. Disabled!"}
{"level":20,"time":1736460649554,"pid":25196,"hostname":"LAPTOP-PD0JMHRC","msg":"Skipping slash command undeafen. Disabled!"}
{"level":20,"time":1736460649557,"pid":25196,"hostname":"LAPTOP-PD0JMHRC","msg":"Skipping slash command vmute. Disabled!"}
{"level":20,"time":1736460649561,"pid":25196,"hostname":"LAPTOP-PD0JMHRC","msg":"Skipping slash command vunmute. Disabled!"}
{"level":20,"time":1736460649570,"pid":25196,"hostname":"LAPTOP-PD0JMHRC","msg":"Skipping command purge. Disabled!"}
{"level":20,"time":1736460649573,"pid":25196,"hostname":"LAPTOP-PD0JMHRC","msg":"Skipping command voice. Disabled!"}
{"level":30,"time":1736460649663,"pid":25196,"hostname":"LAPTOP-PD0JMHRC","msg":"Loaded 60 commands"}
{"level":30,"time":1736460649663,"pid":25196,"hostname":"LAPTOP-PD0JMHRC","msg":"Loaded 44 slash commands"}
{"level":30,"time":1736460649663,"pid":25196,"hostname":"LAPTOP-PD0JMHRC","msg":"Loading contexts..."}
{"level":30,"time":1736460649666,"pid":25196,"hostname":"LAPTOP-PD0JMHRC","msg":"Loaded 1 USER contexts"}
{"level":30,"time":1736460649667,"pid":25196,"hostname":"LAPTOP-PD0JMHRC","msg":"Loaded 0 MESSAGE contexts"}
{"level":30,"time":1736460649667,"pid":25196,"hostname":"LAPTOP-PD0JMHRC","msg":"Loading events..."}
{"level":30,"time":1736460649817,"pid":25196,"hostname":"LAPTOP-PD0JMHRC","msg":"Loaded 15 events. Success (15) Failed (0)"}
{"level":20,"time":1736460649824,"pid":25196,"hostname":"LAPTOP-PD0JMHRC","msg":"Url:  "}
{"level":50,"time":1736460649824,"pid":25196,"hostname":"LAPTOP-PD0JMHRC","err":{"type":"TypeError","message":"Only absolute URLs are supported","stack":"TypeError: Only absolute URLs are supported\n    at getNodeRequestOptions (C:\\Users\\yaruk\\OneDrive\\Desktop\\Nikhao En\\node_modules\\node-fetch\\lib\\index.js:1327:9)\n    at C:\\Users\\yaruk\\OneDrive\\Desktop\\Nikhao En\\node_modules\\node-fetch\\lib\\index.js:1450:19\n    at new Promise (<anonymous>)\n    at fetch (C:\\Users\\yaruk\\OneDrive\\Desktop\\Nikhao En\\node_modules\\node-fetch\\lib\\index.js:1447:9)\n    at getJson (C:\\Users\\yaruk\\OneDrive\\Desktop\\Nikhao En\\src\\helpers\\HttpUtils.js:16:68)\n    at checkForUpdates (C:\\Users\\yaruk\\OneDrive\\Desktop\\Nikhao En\\src\\helpers\\BotUtils.js:9:28)\n    at C:\\Users\\yaruk\\OneDrive\\Desktop\\Nikhao En\\bot.js:27:9\n    at Object.<anonymous> (C:\\Users\\yaruk\\OneDrive\\Desktop\\Nikhao En\\bot.js:47:3)\n    at Module._compile (node:internal/modules/cjs/loader:1565:14)\n    at Object..js (node:internal/modules/cjs/loader:1708:10)"},"msg":"getJson: Only absolute URLs are supported"}
{"level":50,"time":1736460649828,"pid":25196,"hostname":"LAPTOP-PD0JMHRC","msg":"VersionCheck: Failed to check for bot updates"}
{"level":30,"time":1736460649830,"pid":25196,"hostname":"LAPTOP-PD0JMHRC","msg":"Connecting to MongoDb..."}
{"level":30,"time":1736460651307,"pid":25196,"hostname":"LAPTOP-PD0JMHRC","msg":"Mongoose: Database connection established"}
{"level":30,"time":1736460652686,"pid":25196,"hostname":"LAPTOP-PD0JMHRC","msg":"Logged in as Helper bot#0717! (966762615441330206)"}
{"level":20,"time":1736460652686,"pid":25196,"hostname":"LAPTOP-PD0JMHRC","msg":"Node \"Local Node\" debug: connection: creating websocket..."}
{"level":30,"time":1736460652687,"pid":25196,"hostname":"LAPTOP-PD0JMHRC","msg":"Music Manager initialized"}
{"level":30,"time":1736460652687,"pid":25196,"hostname":"LAPTOP-PD0JMHRC","msg":"Initializing giveaways manager..."}
{"level":50,"time":1736460652701,"pid":25196,"hostname":"LAPTOP-PD0JMHRC","err":{"type":"Error","message":"Error: connect ECONNREFUSED ::1:2333","stack":"Error: Error: connect ECONNREFUSED ::1:2333\n    at Connection._onerror (C:\\Users\\yaruk\\OneDrive\\Desktop\\Nikhao En\\node_modules\\lavaclient\\dist\\lib\\node\\Connection.js:145:33)\n    at callListener (C:\\Users\\yaruk\\OneDrive\\Desktop\\Nikhao En\\node_modules\\ws\\lib\\event-target.js:290:14)\n    at WebSocket.onError (C:\\Users\\yaruk\\OneDrive\\Desktop\\Nikhao En\\node_modules\\ws\\lib\\event-target.js:230:9)\n    at WebSocket.emit (node:events:524:28)\n    at emitErrorAndClose (C:\\Users\\yaruk\\OneDrive\\Desktop\\Nikhao En\\node_modules\\ws\\lib\\websocket.js:1041:13)\n    at ClientRequest.<anonymous> (C:\\Users\\yaruk\\OneDrive\\Desktop\\Nikhao En\\node_modules\\ws\\lib\\websocket.js:881:5)\n    at ClientRequest.emit (node:events:524:28)\n    at emitErrorEvent (node:_http_client:104:11)\n    at Socket.socketErrorListener (node:_http_client:512:5)\n    at Socket.emit (node:events:524:28)"},"msg":"Node \"Local Node\" encountered an error: Error: connect ECONNREFUSED ::1:2333.: Error: connect ECONNREFUSED ::1:2333"}
{"level":30,"time":1736460652702,"pid":25196,"hostname":"LAPTOP-PD0JMHRC","msg":"Node \"Local Node\" disconnected"}
{"level":20,"time":1736460652702,"pid":25196,"hostname":"LAPTOP-PD0JMHRC","msg":"Node \"Local Node\" debug: connection: unable to reconnect"}
{"level":30,"time":1736460652817,"pid":25196,"hostname":"LAPTOP-PD0JMHRC","msg":"Giveaway Manager initialized"}
{"level":30,"time":1736460653177,"pid":25196,"hostname":"LAPTOP-PD0JMHRC","msg":"Successfully registered interactions"}
{"level":30,"time":1736460959019,"pid":23556,"hostname":"LAPTOP-PD0JMHRC","msg":"Validating config file and environment variables"}
{"level":40,"time":1736460959020,"pid":23556,"hostname":"LAPTOP-PD0JMHRC","msg":"env: SPOTIFY_CLIENT_ID or SPOTIFY_CLIENT_SECRET are missing. Spotify music links won't work"}
{"level":40,"time":1736460959020,"pid":23556,"hostname":"LAPTOP-PD0JMHRC","msg":"config.js: SUPPORT_SERVER is not provided"}
{"level":40,"time":1736460959020,"pid":23556,"hostname":"LAPTOP-PD0JMHRC","msg":"env: WEATHERSTACK_KEY is missing. Weather command won't work"}
{"level":40,"time":1736460959020,"pid":23556,"hostname":"LAPTOP-PD0JMHRC","msg":"env: STRANGE_API_KEY is missing. Image commands won't work"}
{"level":30,"time":1736460959139,"pid":23556,"hostname":"LAPTOP-PD0JMHRC","msg":"Loading commands..."}
{"level":20,"time":1736460959287,"pid":23556,"hostname":"LAPTOP-PD0JMHRC","msg":"Skipping slash command avatar. Disabled!"}
{"level":20,"time":1736460959290,"pid":23556,"hostname":"LAPTOP-PD0JMHRC","msg":"Skipping slash command botinvite. Disabled!"}
{"level":20,"time":1736460959292,"pid":23556,"hostname":"LAPTOP-PD0JMHRC","msg":"Skipping slash command botstats. Disabled!"}
{"level":20,"time":1736460959297,"pid":23556,"hostname":"LAPTOP-PD0JMHRC","msg":"Skipping slash command channelinfo. Disabled!"}
{"level":20,"time":1736460959302,"pid":23556,"hostname":"LAPTOP-PD0JMHRC","msg":"Skipping slash command emojiinfo. Disabled!"}
{"level":20,"time":1736460959319,"pid":23556,"hostname":"LAPTOP-PD0JMHRC","msg":"Skipping slash command guildinfo. Disabled!"}
{"level":20,"time":1736460959320,"pid":23556,"hostname":"LAPTOP-PD0JMHRC","msg":"Skipping slash command uptime. Disabled!"}
{"level":20,"time":1736460959324,"pid":23556,"hostname":"LAPTOP-PD0JMHRC","msg":"Skipping slash command userinfo. Disabled!"}
{"level":20,"time":1736460959329,"pid":23556,"hostname":"LAPTOP-PD0JMHRC","msg":"Skipping command bot. Disabled!"}
{"level":20,"time":1736460959331,"pid":23556,"hostname":"LAPTOP-PD0JMHRC","msg":"Skipping command info. Disabled!"}
{"level":50,"time":1736460959341,"pid":23556,"hostname":"LAPTOP-PD0JMHRC","msg":"Failed to load C:\\Users\\yaruk\\OneDrive\\Desktop\\Nikhao En\\src\\commands\\moderation\\Lasthope.js Reason: Command name must be a lowercase string."}
{"level":20,"time":1736460959346,"pid":23556,"hostname":"LAPTOP-PD0JMHRC","msg":"Skipping slash command deafen. Disabled!"}
{"level":20,"time":1736460959349,"pid":23556,"hostname":"LAPTOP-PD0JMHRC","msg":"Skipping slash command disconnect. Disabled!"}
{"level":20,"time":1736460959353,"pid":23556,"hostname":"LAPTOP-PD0JMHRC","msg":"Skipping slash command move. Disabled!"}
{"level":20,"time":1736460959355,"pid":23556,"hostname":"LAPTOP-PD0JMHRC","msg":"Skipping slash command purge. Disabled!"}
{"level":20,"time":1736460959356,"pid":23556,"hostname":"LAPTOP-PD0JMHRC","msg":"Skipping slash command purgeattach. Disabled!"}
{"level":20,"time":1736460959359,"pid":23556,"hostname":"LAPTOP-PD0JMHRC","msg":"Skipping slash command purgebots. Disabled!"}
{"level":20,"time":1736460959360,"pid":23556,"hostname":"LAPTOP-PD0JMHRC","msg":"Skipping slash command purgelinks. Disabled!"}
{"level":20,"time":1736460959361,"pid":23556,"hostname":"LAPTOP-PD0JMHRC","msg":"Skipping slash command purgetoken. Disabled!"}
{"level":20,"time":1736460959363,"pid":23556,"hostname":"LAPTOP-PD0JMHRC","msg":"Skipping slash command purgeuser. Disabled!"}
{"level":20,"time":1736460959366,"pid":23556,"hostname":"LAPTOP-PD0JMHRC","msg":"Skipping slash command undeafen. Disabled!"}
{"level":20,"time":1736460959370,"pid":23556,"hostname":"LAPTOP-PD0JMHRC","msg":"Skipping slash command vmute. Disabled!"}
{"level":20,"time":1736460959372,"pid":23556,"hostname":"LAPTOP-PD0JMHRC","msg":"Skipping slash command vunmute. Disabled!"}
{"level":20,"time":1736460959377,"pid":23556,"hostname":"LAPTOP-PD0JMHRC","msg":"Skipping command purge. Disabled!"}
{"level":20,"time":1736460959380,"pid":23556,"hostname":"LAPTOP-PD0JMHRC","msg":"Skipping command voice. Disabled!"}
{"level":30,"time":1736460959446,"pid":23556,"hostname":"LAPTOP-PD0JMHRC","msg":"Loaded 60 commands"}
{"level":30,"time":1736460959446,"pid":23556,"hostname":"LAPTOP-PD0JMHRC","msg":"Loaded 44 slash commands"}
{"level":30,"time":1736460959446,"pid":23556,"hostname":"LAPTOP-PD0JMHRC","msg":"Loading contexts..."}
{"level":30,"time":1736460959448,"pid":23556,"hostname":"LAPTOP-PD0JMHRC","msg":"Loaded 1 USER contexts"}
{"level":30,"time":1736460959448,"pid":23556,"hostname":"LAPTOP-PD0JMHRC","msg":"Loaded 0 MESSAGE contexts"}
{"level":30,"time":1736460959448,"pid":23556,"hostname":"LAPTOP-PD0JMHRC","msg":"Loading events..."}
{"level":30,"time":1736460959506,"pid":23556,"hostname":"LAPTOP-PD0JMHRC","msg":"Loaded 15 events. Success (15) Failed (0)"}
{"level":20,"time":1736460959509,"pid":23556,"hostname":"LAPTOP-PD0JMHRC","msg":"Url:  "}
{"level":50,"time":1736460959509,"pid":23556,"hostname":"LAPTOP-PD0JMHRC","err":{"type":"TypeError","message":"Only absolute URLs are supported","stack":"TypeError: Only absolute URLs are supported\n    at getNodeRequestOptions (C:\\Users\\yaruk\\OneDrive\\Desktop\\Nikhao En\\node_modules\\node-fetch\\lib\\index.js:1327:9)\n    at C:\\Users\\yaruk\\OneDrive\\Desktop\\Nikhao En\\node_modules\\node-fetch\\lib\\index.js:1450:19\n    at new Promise (<anonymous>)\n    at fetch (C:\\Users\\yaruk\\OneDrive\\Desktop\\Nikhao En\\node_modules\\node-fetch\\lib\\index.js:1447:9)\n    at getJson (C:\\Users\\yaruk\\OneDrive\\Desktop\\Nikhao En\\src\\helpers\\HttpUtils.js:16:68)\n    at checkForUpdates (C:\\Users\\yaruk\\OneDrive\\Desktop\\Nikhao En\\src\\helpers\\BotUtils.js:9:28)\n    at C:\\Users\\yaruk\\OneDrive\\Desktop\\Nikhao En\\bot.js:27:9\n    at Object.<anonymous> (C:\\Users\\yaruk\\OneDrive\\Desktop\\Nikhao En\\bot.js:47:3)\n    at Module._compile (node:internal/modules/cjs/loader:1565:14)\n    at Object..js (node:internal/modules/cjs/loader:1708:10)"},"msg":"getJson: Only absolute URLs are supported"}
{"level":50,"time":1736460959511,"pid":23556,"hostname":"LAPTOP-PD0JMHRC","msg":"VersionCheck: Failed to check for bot updates"}
{"level":30,"time":1736460959512,"pid":23556,"hostname":"LAPTOP-PD0JMHRC","msg":"Connecting to MongoDb..."}
{"level":30,"time":1736460960696,"pid":23556,"hostname":"LAPTOP-PD0JMHRC","msg":"Mongoose: Database connection established"}
{"level":30,"time":1736460961765,"pid":23556,"hostname":"LAPTOP-PD0JMHRC","msg":"Logged in as Helper bot#0717! (966762615441330206)"}
{"level":20,"time":1736460961766,"pid":23556,"hostname":"LAPTOP-PD0JMHRC","msg":"Node \"Local Node\" debug: connection: creating websocket..."}
{"level":30,"time":1736460961767,"pid":23556,"hostname":"LAPTOP-PD0JMHRC","msg":"Music Manager initialized"}
{"level":30,"time":1736460961767,"pid":23556,"hostname":"LAPTOP-PD0JMHRC","msg":"Initializing giveaways manager..."}
{"level":50,"time":1736460961782,"pid":23556,"hostname":"LAPTOP-PD0JMHRC","err":{"type":"Error","message":"Error: connect ECONNREFUSED ::1:2333","stack":"Error: Error: connect ECONNREFUSED ::1:2333\n    at Connection._onerror (C:\\Users\\yaruk\\OneDrive\\Desktop\\Nikhao En\\node_modules\\lavaclient\\dist\\lib\\node\\Connection.js:145:33)\n    at callListener (C:\\Users\\yaruk\\OneDrive\\Desktop\\Nikhao En\\node_modules\\ws\\lib\\event-target.js:290:14)\n    at WebSocket.onError (C:\\Users\\yaruk\\OneDrive\\Desktop\\Nikhao En\\node_modules\\ws\\lib\\event-target.js:230:9)\n    at WebSocket.emit (node:events:524:28)\n    at emitErrorAndClose (C:\\Users\\yaruk\\OneDrive\\Desktop\\Nikhao En\\node_modules\\ws\\lib\\websocket.js:1041:13)\n    at ClientRequest.<anonymous> (C:\\Users\\yaruk\\OneDrive\\Desktop\\Nikhao En\\node_modules\\ws\\lib\\websocket.js:881:5)\n    at ClientRequest.emit (node:events:524:28)\n    at emitErrorEvent (node:_http_client:104:11)\n    at Socket.socketErrorListener (node:_http_client:512:5)\n    at Socket.emit (node:events:524:28)"},"msg":"Node \"Local Node\" encountered an error: Error: connect ECONNREFUSED ::1:2333.: Error: connect ECONNREFUSED ::1:2333"}
{"level":30,"time":1736460961784,"pid":23556,"hostname":"LAPTOP-PD0JMHRC","msg":"Node \"Local Node\" disconnected"}
{"level":20,"time":1736460961784,"pid":23556,"hostname":"LAPTOP-PD0JMHRC","msg":"Node \"Local Node\" debug: connection: unable to reconnect"}
{"level":30,"time":1736460961873,"pid":23556,"hostname":"LAPTOP-PD0JMHRC","msg":"Giveaway Manager initialized"}
{"level":30,"time":1736460962411,"pid":23556,"hostname":"LAPTOP-PD0JMHRC","msg":"Successfully registered interactions"}
{"level":30,"time":1736461007762,"pid":20720,"hostname":"LAPTOP-PD0JMHRC","msg":"Validating config file and environment variables"}
{"level":40,"time":1736461007763,"pid":20720,"hostname":"LAPTOP-PD0JMHRC","msg":"env: SPOTIFY_CLIENT_ID or SPOTIFY_CLIENT_SECRET are missing. Spotify music links won't work"}
{"level":40,"time":1736461007764,"pid":20720,"hostname":"LAPTOP-PD0JMHRC","msg":"config.js: SUPPORT_SERVER is not provided"}
{"level":40,"time":1736461007764,"pid":20720,"hostname":"LAPTOP-PD0JMHRC","msg":"env: WEATHERSTACK_KEY is missing. Weather command won't work"}
{"level":40,"time":1736461007764,"pid":20720,"hostname":"LAPTOP-PD0JMHRC","msg":"env: STRANGE_API_KEY is missing. Image commands won't work"}
{"level":30,"time":1736461007875,"pid":20720,"hostname":"LAPTOP-PD0JMHRC","msg":"Loading commands..."}
{"level":20,"time":1736461008106,"pid":20720,"hostname":"LAPTOP-PD0JMHRC","msg":"Skipping slash command avatar. Disabled!"}
{"level":20,"time":1736461008111,"pid":20720,"hostname":"LAPTOP-PD0JMHRC","msg":"Skipping slash command botinvite. Disabled!"}
{"level":20,"time":1736461008116,"pid":20720,"hostname":"LAPTOP-PD0JMHRC","msg":"Skipping slash command botstats. Disabled!"}
{"level":20,"time":1736461008123,"pid":20720,"hostname":"LAPTOP-PD0JMHRC","msg":"Skipping slash command channelinfo. Disabled!"}
{"level":20,"time":1736461008126,"pid":20720,"hostname":"LAPTOP-PD0JMHRC","msg":"Skipping slash command emojiinfo. Disabled!"}
{"level":20,"time":1736461008149,"pid":20720,"hostname":"LAPTOP-PD0JMHRC","msg":"Skipping slash command guildinfo. Disabled!"}
{"level":20,"time":1736461008151,"pid":20720,"hostname":"LAPTOP-PD0JMHRC","msg":"Skipping slash command uptime. Disabled!"}
{"level":20,"time":1736461008157,"pid":20720,"hostname":"LAPTOP-PD0JMHRC","msg":"Skipping slash command userinfo. Disabled!"}
{"level":20,"time":1736461008165,"pid":20720,"hostname":"LAPTOP-PD0JMHRC","msg":"Skipping command bot. Disabled!"}
{"level":20,"time":1736461008168,"pid":20720,"hostname":"LAPTOP-PD0JMHRC","msg":"Skipping command info. Disabled!"}
{"level":50,"time":1736461008177,"pid":20720,"hostname":"LAPTOP-PD0JMHRC","msg":"Failed to load C:\\Users\\yaruk\\OneDrive\\Desktop\\Nikhao En\\src\\commands\\moderation\\Lasthope.js Reason: Command name must be a lowercase string."}
{"level":20,"time":1736461008186,"pid":20720,"hostname":"LAPTOP-PD0JMHRC","msg":"Skipping slash command deafen. Disabled!"}
{"level":20,"time":1736461008189,"pid":20720,"hostname":"LAPTOP-PD0JMHRC","msg":"Skipping slash command disconnect. Disabled!"}
{"level":20,"time":1736461008193,"pid":20720,"hostname":"LAPTOP-PD0JMHRC","msg":"Skipping slash command move. Disabled!"}
{"level":20,"time":1736461008195,"pid":20720,"hostname":"LAPTOP-PD0JMHRC","msg":"Skipping slash command purge. Disabled!"}
{"level":20,"time":1736461008198,"pid":20720,"hostname":"LAPTOP-PD0JMHRC","msg":"Skipping slash command purgeattach. Disabled!"}
{"level":20,"time":1736461008200,"pid":20720,"hostname":"LAPTOP-PD0JMHRC","msg":"Skipping slash command purgebots. Disabled!"}
{"level":20,"time":1736461008201,"pid":20720,"hostname":"LAPTOP-PD0JMHRC","msg":"Skipping slash command purgelinks. Disabled!"}
{"level":20,"time":1736461008203,"pid":20720,"hostname":"LAPTOP-PD0JMHRC","msg":"Skipping slash command purgetoken. Disabled!"}
{"level":20,"time":1736461008204,"pid":20720,"hostname":"LAPTOP-PD0JMHRC","msg":"Skipping slash command purgeuser. Disabled!"}
{"level":20,"time":1736461008207,"pid":20720,"hostname":"LAPTOP-PD0JMHRC","msg":"Skipping slash command undeafen. Disabled!"}
{"level":20,"time":1736461008210,"pid":20720,"hostname":"LAPTOP-PD0JMHRC","msg":"Skipping slash command vmute. Disabled!"}
{"level":20,"time":1736461008214,"pid":20720,"hostname":"LAPTOP-PD0JMHRC","msg":"Skipping slash command vunmute. Disabled!"}
{"level":20,"time":1736461008218,"pid":20720,"hostname":"LAPTOP-PD0JMHRC","msg":"Skipping command purge. Disabled!"}
{"level":20,"time":1736461008220,"pid":20720,"hostname":"LAPTOP-PD0JMHRC","msg":"Skipping command voice. Disabled!"}
{"level":30,"time":1736461008282,"pid":20720,"hostname":"LAPTOP-PD0JMHRC","msg":"Loaded 60 commands"}
{"level":30,"time":1736461008282,"pid":20720,"hostname":"LAPTOP-PD0JMHRC","msg":"Loaded 44 slash commands"}
{"level":30,"time":1736461008282,"pid":20720,"hostname":"LAPTOP-PD0JMHRC","msg":"Loading contexts..."}
{"level":30,"time":1736461008284,"pid":20720,"hostname":"LAPTOP-PD0JMHRC","msg":"Loaded 1 USER contexts"}
{"level":30,"time":1736461008284,"pid":20720,"hostname":"LAPTOP-PD0JMHRC","msg":"Loaded 0 MESSAGE contexts"}
{"level":30,"time":1736461008285,"pid":20720,"hostname":"LAPTOP-PD0JMHRC","msg":"Loading events..."}
{"level":30,"time":1736461008432,"pid":20720,"hostname":"LAPTOP-PD0JMHRC","msg":"Loaded 15 events. Success (15) Failed (0)"}
{"level":20,"time":1736461008437,"pid":20720,"hostname":"LAPTOP-PD0JMHRC","msg":"Url:  "}
{"level":50,"time":1736461008438,"pid":20720,"hostname":"LAPTOP-PD0JMHRC","err":{"type":"TypeError","message":"Only absolute URLs are supported","stack":"TypeError: Only absolute URLs are supported\n    at getNodeRequestOptions (C:\\Users\\yaruk\\OneDrive\\Desktop\\Nikhao En\\node_modules\\node-fetch\\lib\\index.js:1327:9)\n    at C:\\Users\\yaruk\\OneDrive\\Desktop\\Nikhao En\\node_modules\\node-fetch\\lib\\index.js:1450:19\n    at new Promise (<anonymous>)\n    at fetch (C:\\Users\\yaruk\\OneDrive\\Desktop\\Nikhao En\\node_modules\\node-fetch\\lib\\index.js:1447:9)\n    at getJson (C:\\Users\\yaruk\\OneDrive\\Desktop\\Nikhao En\\src\\helpers\\HttpUtils.js:16:68)\n    at checkForUpdates (C:\\Users\\yaruk\\OneDrive\\Desktop\\Nikhao En\\src\\helpers\\BotUtils.js:9:28)\n    at C:\\Users\\yaruk\\OneDrive\\Desktop\\Nikhao En\\bot.js:27:9\n    at Object.<anonymous> (C:\\Users\\yaruk\\OneDrive\\Desktop\\Nikhao En\\bot.js:47:3)\n    at Module._compile (node:internal/modules/cjs/loader:1565:14)\n    at Object..js (node:internal/modules/cjs/loader:1708:10)"},"msg":"getJson: Only absolute URLs are supported"}
{"level":50,"time":1736461008440,"pid":20720,"hostname":"LAPTOP-PD0JMHRC","msg":"VersionCheck: Failed to check for bot updates"}
{"level":30,"time":1736461008442,"pid":20720,"hostname":"LAPTOP-PD0JMHRC","msg":"Connecting to MongoDb..."}
{"level":30,"time":1736461009464,"pid":20720,"hostname":"LAPTOP-PD0JMHRC","msg":"Mongoose: Database connection established"}
{"level":30,"time":1736461010489,"pid":20720,"hostname":"LAPTOP-PD0JMHRC","msg":"Logged in as Helper bot#0717! (966762615441330206)"}
{"level":20,"time":1736461010490,"pid":20720,"hostname":"LAPTOP-PD0JMHRC","msg":"Node \"Local Node\" debug: connection: creating websocket..."}
{"level":30,"time":1736461010491,"pid":20720,"hostname":"LAPTOP-PD0JMHRC","msg":"Music Manager initialized"}
{"level":30,"time":1736461010491,"pid":20720,"hostname":"LAPTOP-PD0JMHRC","msg":"Initializing giveaways manager..."}
{"level":50,"time":1736461010506,"pid":20720,"hostname":"LAPTOP-PD0JMHRC","err":{"type":"Error","message":"Error: connect ECONNREFUSED ::1:2333","stack":"Error: Error: connect ECONNREFUSED ::1:2333\n    at Connection._onerror (C:\\Users\\yaruk\\OneDrive\\Desktop\\Nikhao En\\node_modules\\lavaclient\\dist\\lib\\node\\Connection.js:145:33)\n    at callListener (C:\\Users\\yaruk\\OneDrive\\Desktop\\Nikhao En\\node_modules\\ws\\lib\\event-target.js:290:14)\n    at WebSocket.onError (C:\\Users\\yaruk\\OneDrive\\Desktop\\Nikhao En\\node_modules\\ws\\lib\\event-target.js:230:9)\n    at WebSocket.emit (node:events:524:28)\n    at emitErrorAndClose (C:\\Users\\yaruk\\OneDrive\\Desktop\\Nikhao En\\node_modules\\ws\\lib\\websocket.js:1041:13)\n    at ClientRequest.<anonymous> (C:\\Users\\yaruk\\OneDrive\\Desktop\\Nikhao En\\node_modules\\ws\\lib\\websocket.js:881:5)\n    at ClientRequest.emit (node:events:524:28)\n    at emitErrorEvent (node:_http_client:104:11)\n    at Socket.socketErrorListener (node:_http_client:512:5)\n    at Socket.emit (node:events:524:28)"},"msg":"Node \"Local Node\" encountered an error: Error: connect ECONNREFUSED ::1:2333.: Error: connect ECONNREFUSED ::1:2333"}
{"level":30,"time":1736461010508,"pid":20720,"hostname":"LAPTOP-PD0JMHRC","msg":"Node \"Local Node\" disconnected"}
{"level":20,"time":1736461010508,"pid":20720,"hostname":"LAPTOP-PD0JMHRC","msg":"Node \"Local Node\" debug: connection: unable to reconnect"}
{"level":30,"time":1736461010594,"pid":20720,"hostname":"LAPTOP-PD0JMHRC","msg":"Giveaway Manager initialized"}
{"level":30,"time":1736461011019,"pid":20720,"hostname":"LAPTOP-PD0JMHRC","msg":"Successfully registered interactions"}
{"level":30,"time":1736461051975,"pid":26804,"hostname":"LAPTOP-PD0JMHRC","msg":"Validating config file and environment variables"}
{"level":40,"time":1736461051976,"pid":26804,"hostname":"LAPTOP-PD0JMHRC","msg":"env: SPOTIFY_CLIENT_ID or SPOTIFY_CLIENT_SECRET are missing. Spotify music links won't work"}
{"level":40,"time":1736461051976,"pid":26804,"hostname":"LAPTOP-PD0JMHRC","msg":"config.js: SUPPORT_SERVER is not provided"}
{"level":40,"time":1736461051976,"pid":26804,"hostname":"LAPTOP-PD0JMHRC","msg":"env: WEATHERSTACK_KEY is missing. Weather command won't work"}
{"level":40,"time":1736461051976,"pid":26804,"hostname":"LAPTOP-PD0JMHRC","msg":"env: STRANGE_API_KEY is missing. Image commands won't work"}
{"level":30,"time":1736461052127,"pid":26804,"hostname":"LAPTOP-PD0JMHRC","msg":"Loading commands..."}
{"level":20,"time":1736461052342,"pid":26804,"hostname":"LAPTOP-PD0JMHRC","msg":"Skipping slash command avatar. Disabled!"}
{"level":20,"time":1736461052346,"pid":26804,"hostname":"LAPTOP-PD0JMHRC","msg":"Skipping slash command botinvite. Disabled!"}
{"level":20,"time":1736461052348,"pid":26804,"hostname":"LAPTOP-PD0JMHRC","msg":"Skipping slash command botstats. Disabled!"}
{"level":20,"time":1736461052353,"pid":26804,"hostname":"LAPTOP-PD0JMHRC","msg":"Skipping slash command channelinfo. Disabled!"}
{"level":20,"time":1736461052356,"pid":26804,"hostname":"LAPTOP-PD0JMHRC","msg":"Skipping slash command emojiinfo. Disabled!"}
{"level":20,"time":1736461052369,"pid":26804,"hostname":"LAPTOP-PD0JMHRC","msg":"Skipping slash command guildinfo. Disabled!"}
{"level":20,"time":1736461052371,"pid":26804,"hostname":"LAPTOP-PD0JMHRC","msg":"Skipping slash command uptime. Disabled!"}
{"level":20,"time":1736461052374,"pid":26804,"hostname":"LAPTOP-PD0JMHRC","msg":"Skipping slash command userinfo. Disabled!"}
{"level":20,"time":1736461052379,"pid":26804,"hostname":"LAPTOP-PD0JMHRC","msg":"Skipping command bot. Disabled!"}
{"level":20,"time":1736461052382,"pid":26804,"hostname":"LAPTOP-PD0JMHRC","msg":"Skipping command info. Disabled!"}
{"level":50,"time":1736461052389,"pid":26804,"hostname":"LAPTOP-PD0JMHRC","msg":"Failed to load C:\\Users\\yaruk\\OneDrive\\Desktop\\Nikhao En\\src\\commands\\moderation\\Lasthope.js Reason: Command name must be a lowercase string."}
{"level":20,"time":1736461052394,"pid":26804,"hostname":"LAPTOP-PD0JMHRC","msg":"Skipping slash command deafen. Disabled!"}
{"level":20,"time":1736461052396,"pid":26804,"hostname":"LAPTOP-PD0JMHRC","msg":"Skipping slash command disconnect. Disabled!"}
{"level":20,"time":1736461052400,"pid":26804,"hostname":"LAPTOP-PD0JMHRC","msg":"Skipping slash command move. Disabled!"}
{"level":20,"time":1736461052401,"pid":26804,"hostname":"LAPTOP-PD0JMHRC","msg":"Skipping slash command purge. Disabled!"}
{"level":20,"time":1736461052403,"pid":26804,"hostname":"LAPTOP-PD0JMHRC","msg":"Skipping slash command purgeattach. Disabled!"}
{"level":20,"time":1736461052405,"pid":26804,"hostname":"LAPTOP-PD0JMHRC","msg":"Skipping slash command purgebots. Disabled!"}
{"level":20,"time":1736461052406,"pid":26804,"hostname":"LAPTOP-PD0JMHRC","msg":"Skipping slash command purgelinks. Disabled!"}
{"level":20,"time":1736461052408,"pid":26804,"hostname":"LAPTOP-PD0JMHRC","msg":"Skipping slash command purgetoken. Disabled!"}
{"level":20,"time":1736461052410,"pid":26804,"hostname":"LAPTOP-PD0JMHRC","msg":"Skipping slash command purgeuser. Disabled!"}
{"level":20,"time":1736461052414,"pid":26804,"hostname":"LAPTOP-PD0JMHRC","msg":"Skipping slash command undeafen. Disabled!"}
{"level":20,"time":1736461052417,"pid":26804,"hostname":"LAPTOP-PD0JMHRC","msg":"Skipping slash command vmute. Disabled!"}
{"level":20,"time":1736461052420,"pid":26804,"hostname":"LAPTOP-PD0JMHRC","msg":"Skipping slash command vunmute. Disabled!"}
{"level":20,"time":1736461052425,"pid":26804,"hostname":"LAPTOP-PD0JMHRC","msg":"Skipping command purge. Disabled!"}
{"level":20,"time":1736461052429,"pid":26804,"hostname":"LAPTOP-PD0JMHRC","msg":"Skipping command voice. Disabled!"}
{"level":30,"time":1736461052474,"pid":26804,"hostname":"LAPTOP-PD0JMHRC","msg":"Loaded 60 commands"}
{"level":30,"time":1736461052474,"pid":26804,"hostname":"LAPTOP-PD0JMHRC","msg":"Loaded 44 slash commands"}
{"level":30,"time":1736461052474,"pid":26804,"hostname":"LAPTOP-PD0JMHRC","msg":"Loading contexts..."}
{"level":30,"time":1736461052477,"pid":26804,"hostname":"LAPTOP-PD0JMHRC","msg":"Loaded 1 USER contexts"}
{"level":30,"time":1736461052477,"pid":26804,"hostname":"LAPTOP-PD0JMHRC","msg":"Loaded 0 MESSAGE contexts"}
{"level":30,"time":1736461052478,"pid":26804,"hostname":"LAPTOP-PD0JMHRC","msg":"Loading events..."}
{"level":30,"time":1736461052524,"pid":26804,"hostname":"LAPTOP-PD0JMHRC","msg":"Loaded 15 events. Success (15) Failed (0)"}
{"level":20,"time":1736461052529,"pid":26804,"hostname":"LAPTOP-PD0JMHRC","msg":"Url:  "}
{"level":50,"time":1736461052529,"pid":26804,"hostname":"LAPTOP-PD0JMHRC","err":{"type":"TypeError","message":"Only absolute URLs are supported","stack":"TypeError: Only absolute URLs are supported\n    at getNodeRequestOptions (C:\\Users\\yaruk\\OneDrive\\Desktop\\Nikhao En\\node_modules\\node-fetch\\lib\\index.js:1327:9)\n    at C:\\Users\\yaruk\\OneDrive\\Desktop\\Nikhao En\\node_modules\\node-fetch\\lib\\index.js:1450:19\n    at new Promise (<anonymous>)\n    at fetch (C:\\Users\\yaruk\\OneDrive\\Desktop\\Nikhao En\\node_modules\\node-fetch\\lib\\index.js:1447:9)\n    at getJson (C:\\Users\\yaruk\\OneDrive\\Desktop\\Nikhao En\\src\\helpers\\HttpUtils.js:16:68)\n    at checkForUpdates (C:\\Users\\yaruk\\OneDrive\\Desktop\\Nikhao En\\src\\helpers\\BotUtils.js:9:28)\n    at C:\\Users\\yaruk\\OneDrive\\Desktop\\Nikhao En\\bot.js:27:9\n    at Object.<anonymous> (C:\\Users\\yaruk\\OneDrive\\Desktop\\Nikhao En\\bot.js:47:3)\n    at Module._compile (node:internal/modules/cjs/loader:1565:14)\n    at Object..js (node:internal/modules/cjs/loader:1708:10)"},"msg":"getJson: Only absolute URLs are supported"}
{"level":50,"time":1736461052531,"pid":26804,"hostname":"LAPTOP-PD0JMHRC","msg":"VersionCheck: Failed to check for bot updates"}
{"level":30,"time":1736461052532,"pid":26804,"hostname":"LAPTOP-PD0JMHRC","msg":"Connecting to MongoDb..."}
{"level":30,"time":1736461053642,"pid":26804,"hostname":"LAPTOP-PD0JMHRC","msg":"Mongoose: Database connection established"}
{"level":30,"time":1736461054664,"pid":26804,"hostname":"LAPTOP-PD0JMHRC","msg":"Logged in as Helper bot#0717! (966762615441330206)"}
{"level":20,"time":1736461054665,"pid":26804,"hostname":"LAPTOP-PD0JMHRC","msg":"Node \"Local Node\" debug: connection: creating websocket..."}
{"level":30,"time":1736461054666,"pid":26804,"hostname":"LAPTOP-PD0JMHRC","msg":"Music Manager initialized"}
{"level":30,"time":1736461054666,"pid":26804,"hostname":"LAPTOP-PD0JMHRC","msg":"Initializing giveaways manager..."}
{"level":50,"time":1736461054683,"pid":26804,"hostname":"LAPTOP-PD0JMHRC","err":{"type":"Error","message":"Error: connect ECONNREFUSED ::1:2333","stack":"Error: Error: connect ECONNREFUSED ::1:2333\n    at Connection._onerror (C:\\Users\\yaruk\\OneDrive\\Desktop\\Nikhao En\\node_modules\\lavaclient\\dist\\lib\\node\\Connection.js:145:33)\n    at callListener (C:\\Users\\yaruk\\OneDrive\\Desktop\\Nikhao En\\node_modules\\ws\\lib\\event-target.js:290:14)\n    at WebSocket.onError (C:\\Users\\yaruk\\OneDrive\\Desktop\\Nikhao En\\node_modules\\ws\\lib\\event-target.js:230:9)\n    at WebSocket.emit (node:events:524:28)\n    at emitErrorAndClose (C:\\Users\\yaruk\\OneDrive\\Desktop\\Nikhao En\\node_modules\\ws\\lib\\websocket.js:1041:13)\n    at ClientRequest.<anonymous> (C:\\Users\\yaruk\\OneDrive\\Desktop\\Nikhao En\\node_modules\\ws\\lib\\websocket.js:881:5)\n    at ClientRequest.emit (node:events:524:28)\n    at emitErrorEvent (node:_http_client:104:11)\n    at Socket.socketErrorListener (node:_http_client:512:5)\n    at Socket.emit (node:events:524:28)"},"msg":"Node \"Local Node\" encountered an error: Error: connect ECONNREFUSED ::1:2333.: Error: connect ECONNREFUSED ::1:2333"}
{"level":30,"time":1736461054685,"pid":26804,"hostname":"LAPTOP-PD0JMHRC","msg":"Node \"Local Node\" disconnected"}
{"level":20,"time":1736461054685,"pid":26804,"hostname":"LAPTOP-PD0JMHRC","msg":"Node \"Local Node\" debug: connection: unable to reconnect"}
{"level":30,"time":1736461054785,"pid":26804,"hostname":"LAPTOP-PD0JMHRC","msg":"Giveaway Manager initialized"}
{"level":30,"time":1736461055284,"pid":26804,"hostname":"LAPTOP-PD0JMHRC","msg":"Successfully registered interactions"}
{"level":50,"time":1736541847885,"pid":26804,"hostname":"LAPTOP-PD0JMHRC","err":{"type":"DiscordAPIError","message":"Unknown Message","stack":"DiscordAPIError[10008]: Unknown Message\n    at handleErrors (C:\\Users\\yaruk\\OneDrive\\Desktop\\Nikhao En\\node_modules\\@discordjs\\rest\\dist\\index.js:727:13)\n    at process.processTicksAndRejections (node:internal/process/task_queues:105:5)\n    at async SequentialHandler.runRequest (C:\\Users\\yaruk\\OneDrive\\Desktop\\Nikhao En\\node_modules\\@discordjs\\rest\\dist\\index.js:1128:23)\n    at async SequentialHandler.queueRequest (C:\\Users\\yaruk\\OneDrive\\Desktop\\Nikhao En\\node_modules\\@discordjs\\rest\\dist\\index.js:959:14)\n    at async _REST.request (C:\\Users\\yaruk\\OneDrive\\Desktop\\Nikhao En\\node_modules\\@discordjs\\rest\\dist\\index.js:1272:22)\n    at async GuildMessageManager.edit (C:\\Users\\yaruk\\OneDrive\\Desktop\\Nikhao En\\node_modules\\discord.js\\src\\managers\\MessageManager.js:188:15)","requestBody":{"files":[],"json":{"tts":false,"enforce_nonce":false,"components":[],"flags":4}},"rawError":{"type":"Object","message":"Unknown Message","stack":"","code":10008},"code":10008,"status":404,"method":"PATCH","url":"https://discord.com/api/v10/channels/1302647772104753245/messages/1327376827131629681"},"msg":"Unhandled exception: Unknown Message"}
