{"level":30,"time":1736286362400,"pid":20056,"hostname":"LAPTOP-PD0JMHRC","msg":"Validating config file and environment variables"}
{"level":40,"time":1736286362402,"pid":20056,"hostname":"LAPTOP-PD0JMHRC","msg":"env: SPOTIFY_CLIENT_ID or SPOTIFY_CLIENT_SECRET are missing. Spotify music links won't work"}
{"level":40,"time":1736286362402,"pid":20056,"hostname":"LAPTOP-PD0JMHRC","msg":"config.js: SUPPORT_SERVER is not provided"}
{"level":40,"time":1736286362402,"pid":20056,"hostname":"LAPTOP-PD0JMHRC","msg":"env: WEATHERSTACK_KEY is missing. Weather command won't work"}
{"level":40,"time":1736286362402,"pid":20056,"hostname":"LAPTOP-PD0JMHRC","msg":"env: STRANGE_API_KEY is missing. Image commands won't work"}
{"level":30,"time":1736286362595,"pid":20056,"hostname":"LAPTOP-PD0JMHRC","msg":"Loading commands..."}
{"level":20,"time":1736286362819,"pid":20056,"hostname":"LAPTOP-PD0JMHRC","msg":"Skipping slash command avatar. Disabled!"}
{"level":20,"time":1736286362823,"pid":20056,"hostname":"LAPTOP-PD0JMHRC","msg":"Skipping slash command botinvite. Disabled!"}
{"level":20,"time":1736286362829,"pid":20056,"hostname":"LAPTOP-PD0JMHRC","msg":"Skipping slash command botstats. Disabled!"}
{"level":20,"time":1736286362836,"pid":20056,"hostname":"LAPTOP-PD0JMHRC","msg":"Skipping slash command channelinfo. Disabled!"}
{"level":20,"time":1736286362840,"pid":20056,"hostname":"LAPTOP-PD0JMHRC","msg":"Skipping slash command emojiinfo. Disabled!"}
{"level":20,"time":1736286362857,"pid":20056,"hostname":"LAPTOP-PD0JMHRC","msg":"Skipping slash command guildinfo. Disabled!"}
{"level":20,"time":1736286362859,"pid":20056,"hostname":"LAPTOP-PD0JMHRC","msg":"Skipping slash command uptime. Disabled!"}
{"level":20,"time":1736286362864,"pid":20056,"hostname":"LAPTOP-PD0JMHRC","msg":"Skipping slash command userinfo. Disabled!"}
{"level":20,"time":1736286362869,"pid":20056,"hostname":"LAPTOP-PD0JMHRC","msg":"Skipping command bot. Disabled!"}
{"level":20,"time":1736286362873,"pid":20056,"hostname":"LAPTOP-PD0JMHRC","msg":"Skipping command info. Disabled!"}
{"level":50,"time":1736286362881,"pid":20056,"hostname":"LAPTOP-PD0JMHRC","msg":"Failed to load C:\\Users\\yaruk\\OneDrive\\Desktop\\Nikhao En\\src\\commands\\moderation\\Lasthope.js Reason: Command name must be a lowercase string."}
{"level":20,"time":1736286362889,"pid":20056,"hostname":"LAPTOP-PD0JMHRC","msg":"Skipping slash command deafen. Disabled!"}
{"level":20,"time":1736286362894,"pid":20056,"hostname":"LAPTOP-PD0JMHRC","msg":"Skipping slash command disconnect. Disabled!"}
{"level":20,"time":1736286362900,"pid":20056,"hostname":"LAPTOP-PD0JMHRC","msg":"Skipping slash command move. Disabled!"}
{"level":20,"time":1736286362902,"pid":20056,"hostname":"LAPTOP-PD0JMHRC","msg":"Skipping slash command purge. Disabled!"}
{"level":20,"time":1736286362904,"pid":20056,"hostname":"LAPTOP-PD0JMHRC","msg":"Skipping slash command purgeattach. Disabled!"}
{"level":20,"time":1736286362906,"pid":20056,"hostname":"LAPTOP-PD0JMHRC","msg":"Skipping slash command purgebots. Disabled!"}
{"level":20,"time":1736286362907,"pid":20056,"hostname":"LAPTOP-PD0JMHRC","msg":"Skipping slash command purgelinks. Disabled!"}
{"level":20,"time":1736286362909,"pid":20056,"hostname":"LAPTOP-PD0JMHRC","msg":"Skipping slash command purgetoken. Disabled!"}
{"level":20,"time":1736286362913,"pid":20056,"hostname":"LAPTOP-PD0JMHRC","msg":"Skipping slash command purgeuser. Disabled!"}
{"level":20,"time":1736286362932,"pid":20056,"hostname":"LAPTOP-PD0JMHRC","msg":"Skipping slash command undeafen. Disabled!"}
{"level":20,"time":1736286362937,"pid":20056,"hostname":"LAPTOP-PD0JMHRC","msg":"Skipping slash command vmute. Disabled!"}
{"level":20,"time":1736286362940,"pid":20056,"hostname":"LAPTOP-PD0JMHRC","msg":"Skipping slash command vunmute. Disabled!"}
{"level":20,"time":1736286362950,"pid":20056,"hostname":"LAPTOP-PD0JMHRC","msg":"Skipping command purge. Disabled!"}
{"level":20,"time":1736286362953,"pid":20056,"hostname":"LAPTOP-PD0JMHRC","msg":"Skipping command voice. Disabled!"}
{"level":30,"time":1736286363042,"pid":20056,"hostname":"LAPTOP-PD0JMHRC","msg":"Loaded 60 commands"}
{"level":30,"time":1736286363042,"pid":20056,"hostname":"LAPTOP-PD0JMHRC","msg":"Loaded 44 slash commands"}
{"level":30,"time":1736286363042,"pid":20056,"hostname":"LAPTOP-PD0JMHRC","msg":"Loading contexts..."}
{"level":30,"time":1736286363046,"pid":20056,"hostname":"LAPTOP-PD0JMHRC","msg":"Loaded 1 USER contexts"}
{"level":30,"time":1736286363046,"pid":20056,"hostname":"LAPTOP-PD0JMHRC","msg":"Loaded 0 MESSAGE contexts"}
{"level":30,"time":1736286363046,"pid":20056,"hostname":"LAPTOP-PD0JMHRC","msg":"Loading events..."}
{"level":30,"time":1736286363156,"pid":20056,"hostname":"LAPTOP-PD0JMHRC","msg":"Loaded 15 events. Success (15) Failed (0)"}
{"level":40,"time":1736286363683,"pid":20056,"hostname":"LAPTOP-PD0JMHRC","msg":"VersionCheck: 5.5.0 update is available"}
{"level":40,"time":1736286363684,"pid":20056,"hostname":"LAPTOP-PD0JMHRC","msg":"download: https://github.com/saiteja-madha/discord-js-bot/releases/latest"}
{"level":30,"time":1736286363684,"pid":20056,"hostname":"LAPTOP-PD0JMHRC","msg":"Connecting to MongoDb..."}
{"level":50,"time":1736286393818,"pid":20056,"hostname":"LAPTOP-PD0JMHRC","err":{"type":"MongooseServerSelectionError","message":"Could not connect to any servers in your MongoDB Atlas cluster. One common reason is that you're trying to access the database from an IP that isn't whitelisted. Make sure your current IP address is on your Atlas cluster's IP whitelist: https://www.mongodb.com/docs/atlas/security-whitelist/","stack":"MongooseServerSelectionError: Could not connect to any servers in your MongoDB Atlas cluster. One common reason is that you're trying to access the database from an IP that isn't whitelisted. Make sure your current IP address is on your Atlas cluster's IP whitelist: https://www.mongodb.com/docs/atlas/security-whitelist/\n    at _handleConnectionErrors (C:\\Users\\yaruk\\OneDrive\\Desktop\\Nikhao En\\node_modules\\mongoose\\lib\\connection.js:1110:11)\n    at NativeConnection.openUri (C:\\Users\\yaruk\\OneDrive\\Desktop\\Nikhao En\\node_modules\\mongoose\\lib\\connection.js:1041:11)\n    at async initializeMongoose (C:\\Users\\yaruk\\OneDrive\\Desktop\\Nikhao En\\src\\database\\mongoose.js:11:7)\n    at async C:\\Users\\yaruk\\OneDrive\\Desktop\\Nikhao En\\bot.js:42:5","reason":{"type":"ReplicaSetNoPrimary","servers":{"ac-r2x6sco-shard-00-01.o9qtau8.mongodb.net:27017":{"address":"ac-r2x6sco-shard-00-01.o9qtau8.mongodb.net:27017","type":"Unknown","hosts":[],"passives":[],"arbiters":[],"tags":{},"minWireVersion":0,"maxWireVersion":0,"roundTripTime":-1,"minRoundTripTime":0,"lastUpdateTime":912010511,"lastWriteDate":0,"error":{},"topologyVersion":null,"setName":null,"setVersion":null,"electionId":null,"logicalSessionTimeoutMinutes":null,"maxMessageSizeBytes":null,"maxWriteBatchSize":null,"maxBsonObjectSize":null,"primary":null,"me":null,"$clusterTime":null,"iscryptd":false},"ac-r2x6sco-shard-00-02.o9qtau8.mongodb.net:27017":{"address":"ac-r2x6sco-shard-00-02.o9qtau8.mongodb.net:27017","type":"Unknown","hosts":[],"passives":[],"arbiters":[],"tags":{},"minWireVersion":0,"maxWireVersion":0,"roundTripTime":-1,"minRoundTripTime":0,"lastUpdateTime":912010509,"lastWriteDate":0,"error":{},"topologyVersion":null,"setName":null,"setVersion":null,"electionId":null,"logicalSessionTimeoutMinutes":null,"maxMessageSizeBytes":null,"maxWriteBatchSize":null,"maxBsonObjectSize":null,"primary":null,"me":null,"$clusterTime":null,"iscryptd":false},"ac-r2x6sco-shard-00-00.o9qtau8.mongodb.net:27017":{"address":"ac-r2x6sco-shard-00-00.o9qtau8.mongodb.net:27017","type":"Unknown","hosts":[],"passives":[],"arbiters":[],"tags":{},"minWireVersion":0,"maxWireVersion":0,"roundTripTime":-1,"minRoundTripTime":0,"lastUpdateTime":912010488,"lastWriteDate":0,"error":{},"topologyVersion":null,"setName":null,"setVersion":null,"electionId":null,"logicalSessionTimeoutMinutes":null,"maxMessageSizeBytes":null,"maxWriteBatchSize":null,"maxBsonObjectSize":null,"primary":null,"me":null,"$clusterTime":null,"iscryptd":false}},"stale":false,"compatible":true,"heartbeatFrequencyMS":10000,"localThresholdMS":15,"setName":"atlas-ogh9ex-shard-0","maxElectionId":null,"maxSetVersion":null,"commonWireVersion":0,"logicalSessionTimeoutMinutes":null}},"msg":"Mongoose: Failed to connect to database: Could not connect to any servers in your MongoDB Atlas cluster. One common reason is that you're trying to access the database from an IP that isn't whitelisted. Make sure your current IP address is on your Atlas cluster's IP whitelist: https://www.mongodb.com/docs/atlas/security-whitelist/"}
{"level":30,"time":1736286818385,"pid":32628,"hostname":"LAPTOP-PD0JMHRC","msg":"Validating config file and environment variables"}
{"level":40,"time":1736286818386,"pid":32628,"hostname":"LAPTOP-PD0JMHRC","msg":"env: SPOTIFY_CLIENT_ID or SPOTIFY_CLIENT_SECRET are missing. Spotify music links won't work"}
{"level":40,"time":1736286818387,"pid":32628,"hostname":"LAPTOP-PD0JMHRC","msg":"config.js: SUPPORT_SERVER is not provided"}
{"level":40,"time":1736286818387,"pid":32628,"hostname":"LAPTOP-PD0JMHRC","msg":"env: WEATHERSTACK_KEY is missing. Weather command won't work"}
{"level":40,"time":1736286818387,"pid":32628,"hostname":"LAPTOP-PD0JMHRC","msg":"env: STRANGE_API_KEY is missing. Image commands won't work"}
{"level":30,"time":1736286818502,"pid":32628,"hostname":"LAPTOP-PD0JMHRC","msg":"Loading commands..."}
{"level":20,"time":1736286818723,"pid":32628,"hostname":"LAPTOP-PD0JMHRC","msg":"Skipping slash command avatar. Disabled!"}
{"level":20,"time":1736286818728,"pid":32628,"hostname":"LAPTOP-PD0JMHRC","msg":"Skipping slash command botinvite. Disabled!"}
{"level":20,"time":1736286818732,"pid":32628,"hostname":"LAPTOP-PD0JMHRC","msg":"Skipping slash command botstats. Disabled!"}
{"level":20,"time":1736286818741,"pid":32628,"hostname":"LAPTOP-PD0JMHRC","msg":"Skipping slash command channelinfo. Disabled!"}
{"level":20,"time":1736286818745,"pid":32628,"hostname":"LAPTOP-PD0JMHRC","msg":"Skipping slash command emojiinfo. Disabled!"}
{"level":20,"time":1736286818760,"pid":32628,"hostname":"LAPTOP-PD0JMHRC","msg":"Skipping slash command guildinfo. Disabled!"}
{"level":20,"time":1736286818762,"pid":32628,"hostname":"LAPTOP-PD0JMHRC","msg":"Skipping slash command uptime. Disabled!"}
{"level":20,"time":1736286818767,"pid":32628,"hostname":"LAPTOP-PD0JMHRC","msg":"Skipping slash command userinfo. Disabled!"}
{"level":20,"time":1736286818772,"pid":32628,"hostname":"LAPTOP-PD0JMHRC","msg":"Skipping command bot. Disabled!"}
{"level":20,"time":1736286818776,"pid":32628,"hostname":"LAPTOP-PD0JMHRC","msg":"Skipping command info. Disabled!"}
{"level":50,"time":1736286818785,"pid":32628,"hostname":"LAPTOP-PD0JMHRC","msg":"Failed to load C:\\Users\\yaruk\\OneDrive\\Desktop\\Nikhao En\\src\\commands\\moderation\\Lasthope.js Reason: Command name must be a lowercase string."}
{"level":20,"time":1736286818792,"pid":32628,"hostname":"LAPTOP-PD0JMHRC","msg":"Skipping slash command deafen. Disabled!"}
{"level":20,"time":1736286818795,"pid":32628,"hostname":"LAPTOP-PD0JMHRC","msg":"Skipping slash command disconnect. Disabled!"}
{"level":20,"time":1736286818799,"pid":32628,"hostname":"LAPTOP-PD0JMHRC","msg":"Skipping slash command move. Disabled!"}
{"level":20,"time":1736286818801,"pid":32628,"hostname":"LAPTOP-PD0JMHRC","msg":"Skipping slash command purge. Disabled!"}
{"level":20,"time":1736286818803,"pid":32628,"hostname":"LAPTOP-PD0JMHRC","msg":"Skipping slash command purgeattach. Disabled!"}
{"level":20,"time":1736286818805,"pid":32628,"hostname":"LAPTOP-PD0JMHRC","msg":"Skipping slash command purgebots. Disabled!"}
{"level":20,"time":1736286818806,"pid":32628,"hostname":"LAPTOP-PD0JMHRC","msg":"Skipping slash command purgelinks. Disabled!"}
{"level":20,"time":1736286818808,"pid":32628,"hostname":"LAPTOP-PD0JMHRC","msg":"Skipping slash command purgetoken. Disabled!"}
{"level":20,"time":1736286818810,"pid":32628,"hostname":"LAPTOP-PD0JMHRC","msg":"Skipping slash command purgeuser. Disabled!"}
{"level":20,"time":1736286818814,"pid":32628,"hostname":"LAPTOP-PD0JMHRC","msg":"Skipping slash command undeafen. Disabled!"}
{"level":20,"time":1736286818817,"pid":32628,"hostname":"LAPTOP-PD0JMHRC","msg":"Skipping slash command vmute. Disabled!"}
{"level":20,"time":1736286818820,"pid":32628,"hostname":"LAPTOP-PD0JMHRC","msg":"Skipping slash command vunmute. Disabled!"}
{"level":20,"time":1736286818825,"pid":32628,"hostname":"LAPTOP-PD0JMHRC","msg":"Skipping command purge. Disabled!"}
{"level":20,"time":1736286818828,"pid":32628,"hostname":"LAPTOP-PD0JMHRC","msg":"Skipping command voice. Disabled!"}
{"level":30,"time":1736286818898,"pid":32628,"hostname":"LAPTOP-PD0JMHRC","msg":"Loaded 60 commands"}
{"level":30,"time":1736286818898,"pid":32628,"hostname":"LAPTOP-PD0JMHRC","msg":"Loaded 44 slash commands"}
{"level":30,"time":1736286818899,"pid":32628,"hostname":"LAPTOP-PD0JMHRC","msg":"Loading contexts..."}
{"level":30,"time":1736286818903,"pid":32628,"hostname":"LAPTOP-PD0JMHRC","msg":"Loaded 1 USER contexts"}
{"level":30,"time":1736286818903,"pid":32628,"hostname":"LAPTOP-PD0JMHRC","msg":"Loaded 0 MESSAGE contexts"}
{"level":30,"time":1736286818903,"pid":32628,"hostname":"LAPTOP-PD0JMHRC","msg":"Loading events..."}
{"level":30,"time":1736286818989,"pid":32628,"hostname":"LAPTOP-PD0JMHRC","msg":"Loaded 15 events. Success (15) Failed (0)"}
{"level":40,"time":1736286819527,"pid":32628,"hostname":"LAPTOP-PD0JMHRC","msg":"VersionCheck: 5.5.0 update is available"}
{"level":40,"time":1736286819527,"pid":32628,"hostname":"LAPTOP-PD0JMHRC","msg":"download: https://github.com/saiteja-madha/discord-js-bot/releases/latest"}
{"level":30,"time":1736286819527,"pid":32628,"hostname":"LAPTOP-PD0JMHRC","msg":"Connecting to MongoDb..."}
{"level":30,"time":1736286820721,"pid":32628,"hostname":"LAPTOP-PD0JMHRC","msg":"Mongoose: Database connection established"}
{"level":30,"time":1736286821764,"pid":32628,"hostname":"LAPTOP-PD0JMHRC","msg":"Logged in as Nikhao#9229! (1302268694902210661)"}
{"level":20,"time":1736286821765,"pid":32628,"hostname":"LAPTOP-PD0JMHRC","msg":"Node \"Local Node\" debug: connection: creating websocket..."}
{"level":30,"time":1736286821767,"pid":32628,"hostname":"LAPTOP-PD0JMHRC","msg":"Music Manager initialized"}
{"level":30,"time":1736286821767,"pid":32628,"hostname":"LAPTOP-PD0JMHRC","msg":"Initializing giveaways manager..."}
{"level":50,"time":1736286821828,"pid":32628,"hostname":"LAPTOP-PD0JMHRC","err":{"type":"Error","message":"Error: connect ECONNREFUSED ::1:2333","stack":"Error: Error: connect ECONNREFUSED ::1:2333\n    at Connection._onerror (C:\\Users\\yaruk\\OneDrive\\Desktop\\Nikhao En\\node_modules\\lavaclient\\dist\\lib\\node\\Connection.js:145:33)\n    at callListener (C:\\Users\\yaruk\\OneDrive\\Desktop\\Nikhao En\\node_modules\\ws\\lib\\event-target.js:290:14)\n    at WebSocket.onError (C:\\Users\\yaruk\\OneDrive\\Desktop\\Nikhao En\\node_modules\\ws\\lib\\event-target.js:230:9)\n    at WebSocket.emit (node:events:524:28)\n    at emitErrorAndClose (C:\\Users\\yaruk\\OneDrive\\Desktop\\Nikhao En\\node_modules\\ws\\lib\\websocket.js:1041:13)\n    at ClientRequest.<anonymous> (C:\\Users\\yaruk\\OneDrive\\Desktop\\Nikhao En\\node_modules\\ws\\lib\\websocket.js:881:5)\n    at ClientRequest.emit (node:events:524:28)\n    at emitErrorEvent (node:_http_client:104:11)\n    at Socket.socketErrorListener (node:_http_client:512:5)\n    at Socket.emit (node:events:524:28)"},"msg":"Node \"Local Node\" encountered an error: Error: connect ECONNREFUSED ::1:2333.: Error: connect ECONNREFUSED ::1:2333"}
{"level":30,"time":1736286821831,"pid":32628,"hostname":"LAPTOP-PD0JMHRC","msg":"Node \"Local Node\" disconnected"}
{"level":20,"time":1736286821831,"pid":32628,"hostname":"LAPTOP-PD0JMHRC","msg":"Node \"Local Node\" debug: connection: unable to reconnect"}
{"level":30,"time":1736286821925,"pid":32628,"hostname":"LAPTOP-PD0JMHRC","msg":"Giveaway Manager initialized"}
{"level":30,"time":1736286822342,"pid":32628,"hostname":"LAPTOP-PD0JMHRC","msg":"Successfully registered interactions"}
{"level":30,"time":1736286946785,"pid":26068,"hostname":"LAPTOP-PD0JMHRC","msg":"Validating config file and environment variables"}
{"level":50,"time":1736286946786,"pid":26068,"hostname":"LAPTOP-PD0JMHRC","msg":"env: BOT_SECRET cannot be empty"}
{"level":30,"time":1736286954513,"pid":13856,"hostname":"LAPTOP-PD0JMHRC","msg":"Validating config file and environment variables"}
{"level":50,"time":1736286954515,"pid":13856,"hostname":"LAPTOP-PD0JMHRC","msg":"env: BOT_SECRET cannot be empty"}
{"level":30,"time":1736286962866,"pid":21832,"hostname":"LAPTOP-PD0JMHRC","msg":"Validating config file and environment variables"}
{"level":50,"time":1736286962867,"pid":21832,"hostname":"LAPTOP-PD0JMHRC","msg":"env: BOT_SECRET cannot be empty"}
{"level":30,"time":1736287033229,"pid":11836,"hostname":"LAPTOP-PD0JMHRC","msg":"Validating config file and environment variables"}
{"level":50,"time":1736287033230,"pid":11836,"hostname":"LAPTOP-PD0JMHRC","msg":"env: BOT_SECRET cannot be empty"}
{"level":30,"time":1736287111204,"pid":23720,"hostname":"LAPTOP-PD0JMHRC","msg":"Validating config file and environment variables"}
{"level":50,"time":1736287111205,"pid":23720,"hostname":"LAPTOP-PD0JMHRC","msg":"env: BOT_SECRET cannot be empty"}
{"level":30,"time":1736287185357,"pid":32184,"hostname":"LAPTOP-PD0JMHRC","msg":"Validating config file and environment variables"}
{"level":40,"time":1736287185358,"pid":32184,"hostname":"LAPTOP-PD0JMHRC","msg":"env: SPOTIFY_CLIENT_ID or SPOTIFY_CLIENT_SECRET are missing. Spotify music links won't work"}
{"level":40,"time":1736287185358,"pid":32184,"hostname":"LAPTOP-PD0JMHRC","msg":"config.js: SUPPORT_SERVER is not provided"}
{"level":40,"time":1736287185359,"pid":32184,"hostname":"LAPTOP-PD0JMHRC","msg":"env: WEATHERSTACK_KEY is missing. Weather command won't work"}
{"level":40,"time":1736287185359,"pid":32184,"hostname":"LAPTOP-PD0JMHRC","msg":"env: STRANGE_API_KEY is missing. Image commands won't work"}
{"level":30,"time":1736287185487,"pid":32184,"hostname":"LAPTOP-PD0JMHRC","msg":"Loading commands..."}
{"level":20,"time":1736287185646,"pid":32184,"hostname":"LAPTOP-PD0JMHRC","msg":"Skipping slash command avatar. Disabled!"}
{"level":20,"time":1736287185653,"pid":32184,"hostname":"LAPTOP-PD0JMHRC","msg":"Skipping slash command botinvite. Disabled!"}
{"level":20,"time":1736287185655,"pid":32184,"hostname":"LAPTOP-PD0JMHRC","msg":"Skipping slash command botstats. Disabled!"}
{"level":20,"time":1736287185660,"pid":32184,"hostname":"LAPTOP-PD0JMHRC","msg":"Skipping slash command channelinfo. Disabled!"}
{"level":20,"time":1736287185663,"pid":32184,"hostname":"LAPTOP-PD0JMHRC","msg":"Skipping slash command emojiinfo. Disabled!"}
{"level":20,"time":1736287185677,"pid":32184,"hostname":"LAPTOP-PD0JMHRC","msg":"Skipping slash command guildinfo. Disabled!"}
{"level":20,"time":1736287185678,"pid":32184,"hostname":"LAPTOP-PD0JMHRC","msg":"Skipping slash command uptime. Disabled!"}
{"level":20,"time":1736287185683,"pid":32184,"hostname":"LAPTOP-PD0JMHRC","msg":"Skipping slash command userinfo. Disabled!"}
{"level":20,"time":1736287185688,"pid":32184,"hostname":"LAPTOP-PD0JMHRC","msg":"Skipping command bot. Disabled!"}
{"level":20,"time":1736287185691,"pid":32184,"hostname":"LAPTOP-PD0JMHRC","msg":"Skipping command info. Disabled!"}
{"level":50,"time":1736287185699,"pid":32184,"hostname":"LAPTOP-PD0JMHRC","msg":"Failed to load C:\\Users\\yaruk\\OneDrive\\Desktop\\Nikhao En\\src\\commands\\moderation\\Lasthope.js Reason: Command name must be a lowercase string."}
{"level":20,"time":1736287185706,"pid":32184,"hostname":"LAPTOP-PD0JMHRC","msg":"Skipping slash command deafen. Disabled!"}
{"level":20,"time":1736287185709,"pid":32184,"hostname":"LAPTOP-PD0JMHRC","msg":"Skipping slash command disconnect. Disabled!"}
{"level":20,"time":1736287185713,"pid":32184,"hostname":"LAPTOP-PD0JMHRC","msg":"Skipping slash command move. Disabled!"}
{"level":20,"time":1736287185714,"pid":32184,"hostname":"LAPTOP-PD0JMHRC","msg":"Skipping slash command purge. Disabled!"}
{"level":20,"time":1736287185716,"pid":32184,"hostname":"LAPTOP-PD0JMHRC","msg":"Skipping slash command purgeattach. Disabled!"}
{"level":20,"time":1736287185718,"pid":32184,"hostname":"LAPTOP-PD0JMHRC","msg":"Skipping slash command purgebots. Disabled!"}
{"level":20,"time":1736287185720,"pid":32184,"hostname":"LAPTOP-PD0JMHRC","msg":"Skipping slash command purgelinks. Disabled!"}
{"level":20,"time":1736287185722,"pid":32184,"hostname":"LAPTOP-PD0JMHRC","msg":"Skipping slash command purgetoken. Disabled!"}
{"level":20,"time":1736287185724,"pid":32184,"hostname":"LAPTOP-PD0JMHRC","msg":"Skipping slash command purgeuser. Disabled!"}
{"level":20,"time":1736287185727,"pid":32184,"hostname":"LAPTOP-PD0JMHRC","msg":"Skipping slash command undeafen. Disabled!"}
{"level":20,"time":1736287185731,"pid":32184,"hostname":"LAPTOP-PD0JMHRC","msg":"Skipping slash command vmute. Disabled!"}
{"level":20,"time":1736287185734,"pid":32184,"hostname":"LAPTOP-PD0JMHRC","msg":"Skipping slash command vunmute. Disabled!"}
{"level":20,"time":1736287185739,"pid":32184,"hostname":"LAPTOP-PD0JMHRC","msg":"Skipping command purge. Disabled!"}
{"level":20,"time":1736287185742,"pid":32184,"hostname":"LAPTOP-PD0JMHRC","msg":"Skipping command voice. Disabled!"}
{"level":30,"time":1736287185809,"pid":32184,"hostname":"LAPTOP-PD0JMHRC","msg":"Loaded 60 commands"}
{"level":30,"time":1736287185809,"pid":32184,"hostname":"LAPTOP-PD0JMHRC","msg":"Loaded 44 slash commands"}
{"level":30,"time":1736287185809,"pid":32184,"hostname":"LAPTOP-PD0JMHRC","msg":"Loading contexts..."}
{"level":30,"time":1736287185812,"pid":32184,"hostname":"LAPTOP-PD0JMHRC","msg":"Loaded 1 USER contexts"}
{"level":30,"time":1736287185812,"pid":32184,"hostname":"LAPTOP-PD0JMHRC","msg":"Loaded 0 MESSAGE contexts"}
{"level":30,"time":1736287185812,"pid":32184,"hostname":"LAPTOP-PD0JMHRC","msg":"Loading events..."}
{"level":30,"time":1736287185883,"pid":32184,"hostname":"LAPTOP-PD0JMHRC","msg":"Loaded 15 events. Success (15) Failed (0)"}
{"level":40,"time":1736287186431,"pid":32184,"hostname":"LAPTOP-PD0JMHRC","msg":"VersionCheck: 5.5.0 update is available"}
{"level":40,"time":1736287186431,"pid":32184,"hostname":"LAPTOP-PD0JMHRC","msg":"download: https://github.com/saiteja-madha/discord-js-bot/releases/latest"}
{"level":30,"time":1736287186431,"pid":32184,"hostname":"LAPTOP-PD0JMHRC","msg":"Connecting to MongoDb..."}
{"level":30,"time":1736287187642,"pid":32184,"hostname":"LAPTOP-PD0JMHRC","msg":"Mongoose: Database connection established"}
{"level":30,"time":1736287188795,"pid":32184,"hostname":"LAPTOP-PD0JMHRC","msg":"Logged in as Nikhao#9229! (1302268694902210661)"}
{"level":20,"time":1736287188795,"pid":32184,"hostname":"LAPTOP-PD0JMHRC","msg":"Node \"Local Node\" debug: connection: creating websocket..."}
{"level":30,"time":1736287188796,"pid":32184,"hostname":"LAPTOP-PD0JMHRC","msg":"Music Manager initialized"}
{"level":30,"time":1736287188796,"pid":32184,"hostname":"LAPTOP-PD0JMHRC","msg":"Initializing giveaways manager..."}
{"level":50,"time":1736287188832,"pid":32184,"hostname":"LAPTOP-PD0JMHRC","err":{"type":"Error","message":"Error: connect ECONNREFUSED ::1:2333","stack":"Error: Error: connect ECONNREFUSED ::1:2333\n    at Connection._onerror (C:\\Users\\yaruk\\OneDrive\\Desktop\\Nikhao En\\node_modules\\lavaclient\\dist\\lib\\node\\Connection.js:145:33)\n    at callListener (C:\\Users\\yaruk\\OneDrive\\Desktop\\Nikhao En\\node_modules\\ws\\lib\\event-target.js:290:14)\n    at WebSocket.onError (C:\\Users\\yaruk\\OneDrive\\Desktop\\Nikhao En\\node_modules\\ws\\lib\\event-target.js:230:9)\n    at WebSocket.emit (node:events:524:28)\n    at emitErrorAndClose (C:\\Users\\yaruk\\OneDrive\\Desktop\\Nikhao En\\node_modules\\ws\\lib\\websocket.js:1041:13)\n    at ClientRequest.<anonymous> (C:\\Users\\yaruk\\OneDrive\\Desktop\\Nikhao En\\node_modules\\ws\\lib\\websocket.js:881:5)\n    at ClientRequest.emit (node:events:524:28)\n    at emitErrorEvent (node:_http_client:104:11)\n    at Socket.socketErrorListener (node:_http_client:512:5)\n    at Socket.emit (node:events:524:28)"},"msg":"Node \"Local Node\" encountered an error: Error: connect ECONNREFUSED ::1:2333.: Error: connect ECONNREFUSED ::1:2333"}
{"level":30,"time":1736287188834,"pid":32184,"hostname":"LAPTOP-PD0JMHRC","msg":"Node \"Local Node\" disconnected"}
{"level":20,"time":1736287188834,"pid":32184,"hostname":"LAPTOP-PD0JMHRC","msg":"Node \"Local Node\" debug: connection: unable to reconnect"}
{"level":30,"time":1736287188952,"pid":32184,"hostname":"LAPTOP-PD0JMHRC","msg":"Giveaway Manager initialized"}
{"level":30,"time":1736287189445,"pid":32184,"hostname":"LAPTOP-PD0JMHRC","msg":"Successfully registered interactions"}
