{"level":30,"time":1736714139777,"pid":7048,"hostname":"LAPTOP-PD0JMHRC","msg":"Validating config file and environment variables"}
{"level":40,"time":1736714139779,"pid":7048,"hostname":"LAPTOP-PD0JMHRC","msg":"env: SPOTIFY_CLIENT_ID or SPOTIFY_CLIENT_SECRET are missing. Spotify music links won't work"}
{"level":40,"time":1736714139780,"pid":7048,"hostname":"LAPTOP-PD0JMHRC","msg":"env: WEATHERSTACK_KEY is missing. Weather command won't work"}
{"level":40,"time":1736714139780,"pid":7048,"hostname":"LAPTOP-PD0JMHRC","msg":"env: STRANGE_API_KEY is missing. Image commands won't work"}
{"level":30,"time":1736714140020,"pid":7048,"hostname":"LAPTOP-PD0JMHRC","msg":"Loading commands..."}
{"level":20,"time":1736714144284,"pid":7048,"hostname":"LAPTOP-PD0JMHRC","msg":"Skipping slash command avatar. Disabled!"}
{"level":20,"time":1736714144289,"pid":7048,"hostname":"LAPTOP-PD0JMHRC","msg":"Skipping slash command botinvite. Disabled!"}
{"level":20,"time":1736714144295,"pid":7048,"hostname":"LAPTOP-PD0JMHRC","msg":"Skipping slash command botstats. Disabled!"}
{"level":20,"time":1736714144303,"pid":7048,"hostname":"LAPTOP-PD0JMHRC","msg":"Skipping slash command channelinfo. Disabled!"}
{"level":20,"time":1736714144309,"pid":7048,"hostname":"LAPTOP-PD0JMHRC","msg":"Skipping slash command emojiinfo. Disabled!"}
{"level":20,"time":1736714144333,"pid":7048,"hostname":"LAPTOP-PD0JMHRC","msg":"Skipping slash command guildinfo. Disabled!"}
{"level":20,"time":1736714144335,"pid":7048,"hostname":"LAPTOP-PD0JMHRC","msg":"Skipping slash command uptime. Disabled!"}
{"level":20,"time":1736714144343,"pid":7048,"hostname":"LAPTOP-PD0JMHRC","msg":"Skipping slash command userinfo. Disabled!"}
{"level":20,"time":1736714144349,"pid":7048,"hostname":"LAPTOP-PD0JMHRC","msg":"Skipping command bot. Disabled!"}
{"level":20,"time":1736714144352,"pid":7048,"hostname":"LAPTOP-PD0JMHRC","msg":"Skipping command info. Disabled!"}
{"level":20,"time":1736714144398,"pid":7048,"hostname":"LAPTOP-PD0JMHRC","msg":"Skipping slash command deafen. Disabled!"}
{"level":20,"time":1736714144402,"pid":7048,"hostname":"LAPTOP-PD0JMHRC","msg":"Skipping slash command disconnect. Disabled!"}
{"level":20,"time":1736714144409,"pid":7048,"hostname":"LAPTOP-PD0JMHRC","msg":"Skipping slash command move. Disabled!"}
{"level":20,"time":1736714144411,"pid":7048,"hostname":"LAPTOP-PD0JMHRC","msg":"Skipping slash command purge. Disabled!"}
{"level":20,"time":1736714144413,"pid":7048,"hostname":"LAPTOP-PD0JMHRC","msg":"Skipping slash command purgeattach. Disabled!"}
{"level":20,"time":1736714144417,"pid":7048,"hostname":"LAPTOP-PD0JMHRC","msg":"Skipping slash command purgebots. Disabled!"}
{"level":20,"time":1736714144419,"pid":7048,"hostname":"LAPTOP-PD0JMHRC","msg":"Skipping slash command purgelinks. Disabled!"}
{"level":20,"time":1736714144421,"pid":7048,"hostname":"LAPTOP-PD0JMHRC","msg":"Skipping slash command purgetoken. Disabled!"}
{"level":20,"time":1736714144429,"pid":7048,"hostname":"LAPTOP-PD0JMHRC","msg":"Skipping slash command purgeuser. Disabled!"}
{"level":20,"time":1736714144437,"pid":7048,"hostname":"LAPTOP-PD0JMHRC","msg":"Skipping slash command undeafen. Disabled!"}
{"level":20,"time":1736714144445,"pid":7048,"hostname":"LAPTOP-PD0JMHRC","msg":"Skipping slash command vmute. Disabled!"}
{"level":20,"time":1736714144450,"pid":7048,"hostname":"LAPTOP-PD0JMHRC","msg":"Skipping slash command vunmute. Disabled!"}
{"level":20,"time":1736714144466,"pid":7048,"hostname":"LAPTOP-PD0JMHRC","msg":"Skipping command purge. Disabled!"}
{"level":20,"time":1736714144476,"pid":7048,"hostname":"LAPTOP-PD0JMHRC","msg":"Skipping command voice. Disabled!"}
{"level":20,"time":1736714144577,"pid":7048,"hostname":"LAPTOP-PD0JMHRC","msg":"Skipping slash command eval. Disabled!"}
{"level":20,"time":1736714144579,"pid":7048,"hostname":"LAPTOP-PD0JMHRC","msg":"Skipping slash command leaveserver. Disabled!"}
{"level":20,"time":1736714144583,"pid":7048,"hostname":"LAPTOP-PD0JMHRC","msg":"Skipping slash command listservers. Disabled!"}
{"level":30,"time":1736714144701,"pid":7048,"hostname":"LAPTOP-PD0JMHRC","msg":"Loaded 104 commands"}
{"level":30,"time":1736714144701,"pid":7048,"hostname":"LAPTOP-PD0JMHRC","msg":"Loaded 85 slash commands"}
{"level":30,"time":1736714144702,"pid":7048,"hostname":"LAPTOP-PD0JMHRC","msg":"Loading contexts..."}
{"level":30,"time":1736714144707,"pid":7048,"hostname":"LAPTOP-PD0JMHRC","msg":"Loaded 1 USER contexts"}
{"level":30,"time":1736714144708,"pid":7048,"hostname":"LAPTOP-PD0JMHRC","msg":"Loaded 0 MESSAGE contexts"}
{"level":30,"time":1736714144708,"pid":7048,"hostname":"LAPTOP-PD0JMHRC","msg":"Loading events..."}
{"level":30,"time":1736714144909,"pid":7048,"hostname":"LAPTOP-PD0JMHRC","msg":"Loaded 15 events. Success (15) Failed (0)"}
{"level":30,"time":1736714145683,"pid":7048,"hostname":"LAPTOP-PD0JMHRC","msg":"VersionCheck: Your discord bot is up to date"}
{"level":30,"time":1736714145683,"pid":7048,"hostname":"LAPTOP-PD0JMHRC","msg":"Connecting to MongoDb..."}
{"level":50,"time":1736714175900,"pid":7048,"hostname":"LAPTOP-PD0JMHRC","err":{"type":"MongooseServerSelectionError","message":"Could not connect to any servers in your MongoDB Atlas cluster. One common reason is that you're trying to access the database from an IP that isn't whitelisted. Make sure your current IP address is on your Atlas cluster's IP whitelist: https://www.mongodb.com/docs/atlas/security-whitelist/","stack":"MongooseServerSelectionError: Could not connect to any servers in your MongoDB Atlas cluster. One common reason is that you're trying to access the database from an IP that isn't whitelisted. Make sure your current IP address is on your Atlas cluster's IP whitelist: https://www.mongodb.com/docs/atlas/security-whitelist/\n    at _handleConnectionErrors (C:\\Users\\yaruk\\OneDrive\\Desktop\\Nikhao Ru\\node_modules\\mongoose\\lib\\connection.js:1110:11)\n    at NativeConnection.openUri (C:\\Users\\yaruk\\OneDrive\\Desktop\\Nikhao Ru\\node_modules\\mongoose\\lib\\connection.js:1041:11)\n    at async initializeMongoose (C:\\Users\\yaruk\\OneDrive\\Desktop\\Nikhao Ru\\src\\database\\mongoose.js:11:7)\n    at async C:\\Users\\yaruk\\OneDrive\\Desktop\\Nikhao Ru\\bot.js:42:5","reason":{"type":"ReplicaSetNoPrimary","servers":{"ac-r2x6sco-shard-00-02.o9qtau8.mongodb.net:27017":{"address":"ac-r2x6sco-shard-00-02.o9qtau8.mongodb.net:27017","type":"Unknown","hosts":[],"passives":[],"arbiters":[],"tags":{},"minWireVersion":0,"maxWireVersion":0,"roundTripTime":-1,"minRoundTripTime":0,"lastUpdateTime":1339804081,"lastWriteDate":0,"error":{},"topologyVersion":null,"setName":null,"setVersion":null,"electionId":null,"logicalSessionTimeoutMinutes":null,"maxMessageSizeBytes":null,"maxWriteBatchSize":null,"maxBsonObjectSize":null,"primary":null,"me":null,"$clusterTime":null,"iscryptd":false},"ac-r2x6sco-shard-00-01.o9qtau8.mongodb.net:27017":{"address":"ac-r2x6sco-shard-00-01.o9qtau8.mongodb.net:27017","type":"Unknown","hosts":[],"passives":[],"arbiters":[],"tags":{},"minWireVersion":0,"maxWireVersion":0,"roundTripTime":-1,"minRoundTripTime":0,"lastUpdateTime":1339804067,"lastWriteDate":0,"error":{},"topologyVersion":null,"setName":null,"setVersion":null,"electionId":null,"logicalSessionTimeoutMinutes":null,"maxMessageSizeBytes":null,"maxWriteBatchSize":null,"maxBsonObjectSize":null,"primary":null,"me":null,"$clusterTime":null,"iscryptd":false},"ac-r2x6sco-shard-00-00.o9qtau8.mongodb.net:27017":{"address":"ac-r2x6sco-shard-00-00.o9qtau8.mongodb.net:27017","type":"Unknown","hosts":[],"passives":[],"arbiters":[],"tags":{},"minWireVersion":0,"maxWireVersion":0,"roundTripTime":-1,"minRoundTripTime":0,"lastUpdateTime":1339804110,"lastWriteDate":0,"error":{},"topologyVersion":null,"setName":null,"setVersion":null,"electionId":null,"logicalSessionTimeoutMinutes":null,"maxMessageSizeBytes":null,"maxWriteBatchSize":null,"maxBsonObjectSize":null,"primary":null,"me":null,"$clusterTime":null,"iscryptd":false}},"stale":false,"compatible":true,"heartbeatFrequencyMS":10000,"localThresholdMS":15,"setName":"atlas-ogh9ex-shard-0","maxElectionId":null,"maxSetVersion":null,"commonWireVersion":0,"logicalSessionTimeoutMinutes":null}},"msg":"Mongoose: Failed to connect to database: Could not connect to any servers in your MongoDB Atlas cluster. One common reason is that you're trying to access the database from an IP that isn't whitelisted. Make sure your current IP address is on your Atlas cluster's IP whitelist: https://www.mongodb.com/docs/atlas/security-whitelist/"}
{"level":30,"time":1736714231327,"pid":32792,"hostname":"LAPTOP-PD0JMHRC","msg":"Validating config file and environment variables"}
{"level":40,"time":1736714231328,"pid":32792,"hostname":"LAPTOP-PD0JMHRC","msg":"env: SPOTIFY_CLIENT_ID or SPOTIFY_CLIENT_SECRET are missing. Spotify music links won't work"}
{"level":40,"time":1736714231328,"pid":32792,"hostname":"LAPTOP-PD0JMHRC","msg":"env: WEATHERSTACK_KEY is missing. Weather command won't work"}
{"level":40,"time":1736714231329,"pid":32792,"hostname":"LAPTOP-PD0JMHRC","msg":"env: STRANGE_API_KEY is missing. Image commands won't work"}
{"level":30,"time":1736714231427,"pid":32792,"hostname":"LAPTOP-PD0JMHRC","msg":"Loading commands..."}
{"level":20,"time":1736714232249,"pid":32792,"hostname":"LAPTOP-PD0JMHRC","msg":"Skipping slash command avatar. Disabled!"}
{"level":20,"time":1736714232252,"pid":32792,"hostname":"LAPTOP-PD0JMHRC","msg":"Skipping slash command botinvite. Disabled!"}
{"level":20,"time":1736714232256,"pid":32792,"hostname":"LAPTOP-PD0JMHRC","msg":"Skipping slash command botstats. Disabled!"}
{"level":20,"time":1736714232262,"pid":32792,"hostname":"LAPTOP-PD0JMHRC","msg":"Skipping slash command channelinfo. Disabled!"}
{"level":20,"time":1736714232265,"pid":32792,"hostname":"LAPTOP-PD0JMHRC","msg":"Skipping slash command emojiinfo. Disabled!"}
{"level":20,"time":1736714232282,"pid":32792,"hostname":"LAPTOP-PD0JMHRC","msg":"Skipping slash command guildinfo. Disabled!"}
{"level":20,"time":1736714232283,"pid":32792,"hostname":"LAPTOP-PD0JMHRC","msg":"Skipping slash command uptime. Disabled!"}
{"level":20,"time":1736714232287,"pid":32792,"hostname":"LAPTOP-PD0JMHRC","msg":"Skipping slash command userinfo. Disabled!"}
{"level":20,"time":1736714232292,"pid":32792,"hostname":"LAPTOP-PD0JMHRC","msg":"Skipping command bot. Disabled!"}
{"level":20,"time":1736714232295,"pid":32792,"hostname":"LAPTOP-PD0JMHRC","msg":"Skipping command info. Disabled!"}
{"level":20,"time":1736714232324,"pid":32792,"hostname":"LAPTOP-PD0JMHRC","msg":"Skipping slash command deafen. Disabled!"}
{"level":20,"time":1736714232327,"pid":32792,"hostname":"LAPTOP-PD0JMHRC","msg":"Skipping slash command disconnect. Disabled!"}
{"level":20,"time":1736714232331,"pid":32792,"hostname":"LAPTOP-PD0JMHRC","msg":"Skipping slash command move. Disabled!"}
{"level":20,"time":1736714232332,"pid":32792,"hostname":"LAPTOP-PD0JMHRC","msg":"Skipping slash command purge. Disabled!"}
{"level":20,"time":1736714232334,"pid":32792,"hostname":"LAPTOP-PD0JMHRC","msg":"Skipping slash command purgeattach. Disabled!"}
{"level":20,"time":1736714232335,"pid":32792,"hostname":"LAPTOP-PD0JMHRC","msg":"Skipping slash command purgebots. Disabled!"}
{"level":20,"time":1736714232337,"pid":32792,"hostname":"LAPTOP-PD0JMHRC","msg":"Skipping slash command purgelinks. Disabled!"}
{"level":20,"time":1736714232339,"pid":32792,"hostname":"LAPTOP-PD0JMHRC","msg":"Skipping slash command purgetoken. Disabled!"}
{"level":20,"time":1736714232340,"pid":32792,"hostname":"LAPTOP-PD0JMHRC","msg":"Skipping slash command purgeuser. Disabled!"}
{"level":20,"time":1736714232382,"pid":32792,"hostname":"LAPTOP-PD0JMHRC","msg":"Skipping slash command undeafen. Disabled!"}
{"level":20,"time":1736714232385,"pid":32792,"hostname":"LAPTOP-PD0JMHRC","msg":"Skipping slash command vmute. Disabled!"}
{"level":20,"time":1736714232393,"pid":32792,"hostname":"LAPTOP-PD0JMHRC","msg":"Skipping slash command vunmute. Disabled!"}
{"level":20,"time":1736714232404,"pid":32792,"hostname":"LAPTOP-PD0JMHRC","msg":"Skipping command purge. Disabled!"}
{"level":20,"time":1736714232409,"pid":32792,"hostname":"LAPTOP-PD0JMHRC","msg":"Skipping command voice. Disabled!"}
{"level":20,"time":1736714232471,"pid":32792,"hostname":"LAPTOP-PD0JMHRC","msg":"Skipping slash command eval. Disabled!"}
{"level":20,"time":1736714232473,"pid":32792,"hostname":"LAPTOP-PD0JMHRC","msg":"Skipping slash command leaveserver. Disabled!"}
{"level":20,"time":1736714232475,"pid":32792,"hostname":"LAPTOP-PD0JMHRC","msg":"Skipping slash command listservers. Disabled!"}
{"level":30,"time":1736714232535,"pid":32792,"hostname":"LAPTOP-PD0JMHRC","msg":"Loaded 104 commands"}
{"level":30,"time":1736714232535,"pid":32792,"hostname":"LAPTOP-PD0JMHRC","msg":"Loaded 85 slash commands"}
{"level":30,"time":1736714232535,"pid":32792,"hostname":"LAPTOP-PD0JMHRC","msg":"Loading contexts..."}
{"level":30,"time":1736714232538,"pid":32792,"hostname":"LAPTOP-PD0JMHRC","msg":"Loaded 1 USER contexts"}
{"level":30,"time":1736714232538,"pid":32792,"hostname":"LAPTOP-PD0JMHRC","msg":"Loaded 0 MESSAGE contexts"}
{"level":30,"time":1736714232538,"pid":32792,"hostname":"LAPTOP-PD0JMHRC","msg":"Loading events..."}
{"level":30,"time":1736714232602,"pid":32792,"hostname":"LAPTOP-PD0JMHRC","msg":"Loaded 15 events. Success (15) Failed (0)"}
{"level":30,"time":1736714233049,"pid":32792,"hostname":"LAPTOP-PD0JMHRC","msg":"VersionCheck: Your discord bot is up to date"}
{"level":30,"time":1736714233050,"pid":32792,"hostname":"LAPTOP-PD0JMHRC","msg":"Connecting to MongoDb..."}
{"level":30,"time":1736714234123,"pid":32792,"hostname":"LAPTOP-PD0JMHRC","msg":"Mongoose: Database connection established"}
{"level":30,"time":1736714235383,"pid":32792,"hostname":"LAPTOP-PD0JMHRC","msg":"Logged in as Helper bot#0717! (966762615441330206)"}
{"level":20,"time":1736714235384,"pid":32792,"hostname":"LAPTOP-PD0JMHRC","msg":"Node \"Local Node\" debug: connection: creating websocket..."}
{"level":30,"time":1736714235385,"pid":32792,"hostname":"LAPTOP-PD0JMHRC","msg":"Music Manager initialized"}
{"level":30,"time":1736714235385,"pid":32792,"hostname":"LAPTOP-PD0JMHRC","msg":"Initializing giveaways manager..."}
{"level":50,"time":1736714235408,"pid":32792,"hostname":"LAPTOP-PD0JMHRC","err":{"type":"Error","message":"Error: connect ECONNREFUSED ::1:2333","stack":"Error: Error: connect ECONNREFUSED ::1:2333\n    at Connection._onerror (C:\\Users\\yaruk\\OneDrive\\Desktop\\Nikhao Ru\\node_modules\\lavaclient\\dist\\lib\\node\\Connection.js:145:33)\n    at callListener (C:\\Users\\yaruk\\OneDrive\\Desktop\\Nikhao Ru\\node_modules\\ws\\lib\\event-target.js:290:14)\n    at WebSocket.onError (C:\\Users\\yaruk\\OneDrive\\Desktop\\Nikhao Ru\\node_modules\\ws\\lib\\event-target.js:230:9)\n    at WebSocket.emit (node:events:524:28)\n    at emitErrorAndClose (C:\\Users\\yaruk\\OneDrive\\Desktop\\Nikhao Ru\\node_modules\\ws\\lib\\websocket.js:1041:13)\n    at ClientRequest.<anonymous> (C:\\Users\\yaruk\\OneDrive\\Desktop\\Nikhao Ru\\node_modules\\ws\\lib\\websocket.js:881:5)\n    at ClientRequest.emit (node:events:524:28)\n    at emitErrorEvent (node:_http_client:104:11)\n    at Socket.socketErrorListener (node:_http_client:512:5)\n    at Socket.emit (node:events:524:28)"},"msg":"Node \"Local Node\" encountered an error: Error: connect ECONNREFUSED ::1:2333.: Error: connect ECONNREFUSED ::1:2333"}
{"level":30,"time":1736714235414,"pid":32792,"hostname":"LAPTOP-PD0JMHRC","msg":"Node \"Local Node\" disconnected"}
{"level":20,"time":1736714235414,"pid":32792,"hostname":"LAPTOP-PD0JMHRC","msg":"Node \"Local Node\" debug: connection: unable to reconnect"}
{"level":30,"time":1736714235510,"pid":32792,"hostname":"LAPTOP-PD0JMHRC","msg":"Giveaway Manager initialized"}
{"level":30,"time":1736714236101,"pid":32792,"hostname":"LAPTOP-PD0JMHRC","msg":"Successfully registered interactions"}
